[0.801s] DEBUG:colcon:Command line arguments: ['/usr/bin/colcon', 'build']
[0.801s] DEBUG:colcon:Parsed command line arguments: Namespace(log_base=None, log_level=None, verb_name='build', build_base='build', install_base='install', merge_install=False, symlink_install=False, test_result_base=None, continue_on_error=False, executor='parallel', parallel_workers=4, event_handlers=None, ignore_user_meta=False, metas=['./colcon.meta'], base_paths=['.'], packages_ignore=None, packages_ignore_regex=None, paths=None, packages_up_to=None, packages_up_to_regex=None, packages_above=None, packages_above_and_dependencies=None, packages_above_depth=None, packages_select_by_dep=None, packages_skip_by_dep=None, packages_skip_up_to=None, packages_select_build_failed=False, packages_skip_build_finished=False, packages_select_test_failures=False, packages_skip_test_passed=False, packages_select=None, packages_skip=None, packages_select_regex=None, packages_skip_regex=None, packages_start=None, packages_end=None, allow_overriding=[], cmake_args=None, cmake_target=None, cmake_target_skip_unavailable=False, cmake_clean_cache=False, cmake_clean_first=False, cmake_force_configure=False, ament_cmake_args=None, catkin_cmake_args=None, catkin_skip_building_tests=False, mixin_files=None, mixin=None, verb_parser=<colcon_mixin.mixin.mixin_argument.MixinArgumentDecorator object at 0xffffaf2e49b0>, verb_extension=<colcon_core.verb.build.BuildVerb object at 0xffffaf495f40>, main=<bound method BuildVerb.main of <colcon_core.verb.build.BuildVerb object at 0xffffaf495f40>>, mixin_verb=('build',))
[1.073s] Level 1:colcon.colcon_core.package_discovery:discover_packages(colcon_meta) check parameters
[1.074s] Level 1:colcon.colcon_core.package_discovery:discover_packages(recursive) check parameters
[1.074s] Level 1:colcon.colcon_core.package_discovery:discover_packages(ignore) check parameters
[1.074s] Level 1:colcon.colcon_core.package_discovery:discover_packages(path) check parameters
[1.075s] Level 1:colcon.colcon_core.package_discovery:discover_packages(colcon_meta) discover
[1.075s] Level 1:colcon.colcon_core.package_discovery:discover_packages(recursive) discover
[1.075s] INFO:colcon.colcon_core.package_discovery:Crawling recursively for packages in '/home/leyla/Desktop/mpu_ws'
[1.076s] Level 1:colcon.colcon_core.package_identification:_identify(.) by extensions ['ignore', 'ignore_ament_install']
[1.077s] Level 1:colcon.colcon_core.package_identification:_identify(.) by extension 'ignore'
[1.078s] Level 1:colcon.colcon_core.package_identification:_identify(.) by extension 'ignore_ament_install'
[1.078s] Level 1:colcon.colcon_core.package_identification:_identify(.) by extensions ['colcon_pkg']
[1.079s] Level 1:colcon.colcon_core.package_identification:_identify(.) by extension 'colcon_pkg'
[1.079s] Level 1:colcon.colcon_core.package_identification:_identify(.) by extensions ['colcon_meta']
[1.079s] Level 1:colcon.colcon_core.package_identification:_identify(.) by extension 'colcon_meta'
[1.080s] Level 1:colcon.colcon_core.package_identification:_identify(.) by extensions ['ros']
[1.081s] Level 1:colcon.colcon_core.package_identification:_identify(.) by extension 'ros'
[1.259s] Level 1:colcon.colcon_core.package_identification:_identify(.) by extensions ['cmake', 'python']
[1.259s] Level 1:colcon.colcon_core.package_identification:_identify(.) by extension 'cmake'
[1.260s] Level 1:colcon.colcon_core.package_identification:_identify(.) by extension 'python'
[1.260s] Level 1:colcon.colcon_core.package_identification:_identify(.) by extensions ['python_setup_py']
[1.260s] Level 1:colcon.colcon_core.package_identification:_identify(.) by extension 'python_setup_py'
[1.261s] Level 1:colcon.colcon_core.package_identification:_identify(build) by extensions ['ignore', 'ignore_ament_install']
[1.261s] Level 1:colcon.colcon_core.package_identification:_identify(build) by extension 'ignore'
[1.262s] Level 1:colcon.colcon_core.package_identification:_identify(build) ignored
[1.262s] Level 1:colcon.colcon_core.package_identification:_identify(install) by extensions ['ignore', 'ignore_ament_install']
[1.263s] Level 1:colcon.colcon_core.package_identification:_identify(install) by extension 'ignore'
[1.263s] Level 1:colcon.colcon_core.package_identification:_identify(install) ignored
[1.264s] Level 1:colcon.colcon_core.package_identification:_identify(log) by extensions ['ignore', 'ignore_ament_install']
[1.265s] Level 1:colcon.colcon_core.package_identification:_identify(log) by extension 'ignore'
[1.265s] Level 1:colcon.colcon_core.package_identification:_identify(log) ignored
[1.266s] Level 1:colcon.colcon_core.package_identification:_identify(src) by extensions ['ignore', 'ignore_ament_install']
[1.266s] Level 1:colcon.colcon_core.package_identification:_identify(src) by extension 'ignore'
[1.266s] Level 1:colcon.colcon_core.package_identification:_identify(src) by extension 'ignore_ament_install'
[1.267s] Level 1:colcon.colcon_core.package_identification:_identify(src) by extensions ['colcon_pkg']
[1.267s] Level 1:colcon.colcon_core.package_identification:_identify(src) by extension 'colcon_pkg'
[1.267s] Level 1:colcon.colcon_core.package_identification:_identify(src) by extensions ['colcon_meta']
[1.267s] Level 1:colcon.colcon_core.package_identification:_identify(src) by extension 'colcon_meta'
[1.267s] Level 1:colcon.colcon_core.package_identification:_identify(src) by extensions ['ros']
[1.268s] Level 1:colcon.colcon_core.package_identification:_identify(src) by extension 'ros'
[1.268s] Level 1:colcon.colcon_core.package_identification:_identify(src) by extensions ['cmake', 'python']
[1.268s] Level 1:colcon.colcon_core.package_identification:_identify(src) by extension 'cmake'
[1.269s] Level 1:colcon.colcon_core.package_identification:_identify(src) by extension 'python'
[1.269s] Level 1:colcon.colcon_core.package_identification:_identify(src) by extensions ['python_setup_py']
[1.269s] Level 1:colcon.colcon_core.package_identification:_identify(src) by extension 'python_setup_py'
[1.269s] Level 1:colcon.colcon_core.package_identification:_identify(src/imu_publisher) by extensions ['ignore', 'ignore_ament_install']
[1.270s] Level 1:colcon.colcon_core.package_identification:_identify(src/imu_publisher) by extension 'ignore'
[1.270s] Level 1:colcon.colcon_core.package_identification:_identify(src/imu_publisher) by extension 'ignore_ament_install'
[1.270s] Level 1:colcon.colcon_core.package_identification:_identify(src/imu_publisher) by extensions ['colcon_pkg']
[1.270s] Level 1:colcon.colcon_core.package_identification:_identify(src/imu_publisher) by extension 'colcon_pkg'
[1.271s] Level 1:colcon.colcon_core.package_identification:_identify(src/imu_publisher) by extensions ['colcon_meta']
[1.271s] Level 1:colcon.colcon_core.package_identification:_identify(src/imu_publisher) by extension 'colcon_meta'
[1.271s] Level 1:colcon.colcon_core.package_identification:_identify(src/imu_publisher) by extensions ['ros']
[1.271s] Level 1:colcon.colcon_core.package_identification:_identify(src/imu_publisher) by extension 'ros'
[1.284s] DEBUG:colcon.colcon_core.package_identification:Package 'src/imu_publisher' with type 'ros.ament_python' and name 'imu_publisher'
[1.286s] Level 1:colcon.colcon_core.package_discovery:discover_packages(recursive) using defaults
[1.287s] Level 1:colcon.colcon_core.package_discovery:discover_packages(ignore) discover
[1.287s] Level 1:colcon.colcon_core.package_discovery:discover_packages(ignore) using defaults
[1.287s] Level 1:colcon.colcon_core.package_discovery:discover_packages(path) discover
[1.287s] Level 1:colcon.colcon_core.package_discovery:discover_packages(path) using defaults
[1.389s] Level 1:colcon.colcon_core.package_discovery:discover_packages(prefix_path) check parameters
[1.389s] Level 1:colcon.colcon_core.package_discovery:discover_packages(prefix_path) discover
[1.398s] DEBUG:colcon.colcon_installed_package_information.package_discovery:Found 1 installed packages in /home/leyla/Desktop/mpu_ws/install
[1.400s] DEBUG:colcon.colcon_installed_package_information.package_discovery:Found 1 installed packages in /home/leyla/Desktop/ros2_ws/install
[1.406s] DEBUG:colcon.colcon_installed_package_information.package_discovery:Found 338 installed packages in /opt/ros/jazzy
[1.411s] Level 1:colcon.colcon_core.package_discovery:discover_packages(prefix_path) using defaults
[1.692s] Level 5:colcon.colcon_core.verb:set package 'imu_publisher' build argument 'cmake_args' from command line to 'None'
[1.693s] Level 5:colcon.colcon_core.verb:set package 'imu_publisher' build argument 'cmake_target' from command line to 'None'
[1.693s] Level 5:colcon.colcon_core.verb:set package 'imu_publisher' build argument 'cmake_target_skip_unavailable' from command line to 'False'
[1.693s] Level 5:colcon.colcon_core.verb:set package 'imu_publisher' build argument 'cmake_clean_cache' from command line to 'False'
[1.694s] Level 5:colcon.colcon_core.verb:set package 'imu_publisher' build argument 'cmake_clean_first' from command line to 'False'
[1.694s] Level 5:colcon.colcon_core.verb:set package 'imu_publisher' build argument 'cmake_force_configure' from command line to 'False'
[1.694s] Level 5:colcon.colcon_core.verb:set package 'imu_publisher' build argument 'ament_cmake_args' from command line to 'None'
[1.695s] Level 5:colcon.colcon_core.verb:set package 'imu_publisher' build argument 'catkin_cmake_args' from command line to 'None'
[1.695s] Level 5:colcon.colcon_core.verb:set package 'imu_publisher' build argument 'catkin_skip_building_tests' from command line to 'False'
[1.695s] DEBUG:colcon.colcon_core.verb:Building package 'imu_publisher' with the following arguments: {'ament_cmake_args': None, 'build_base': '/home/leyla/Desktop/mpu_ws/build/imu_publisher', 'catkin_cmake_args': None, 'catkin_skip_building_tests': False, 'cmake_args': None, 'cmake_clean_cache': False, 'cmake_clean_first': False, 'cmake_force_configure': False, 'cmake_target': None, 'cmake_target_skip_unavailable': False, 'install_base': '/home/leyla/Desktop/mpu_ws/install/imu_publisher', 'merge_install': False, 'path': '/home/leyla/Desktop/mpu_ws/src/imu_publisher', 'symlink_install': False, 'test_result_base': None}
[1.698s] INFO:colcon.colcon_core.executor:Executing jobs using 'parallel' executor
[1.704s] DEBUG:colcon.colcon_parallel_executor.executor.parallel:run_until_complete
[1.708s] INFO:colcon.colcon_ros.task.ament_python.build:Building ROS package in '/home/leyla/Desktop/mpu_ws/src/imu_publisher' with build type 'ament_python'
[1.711s] Level 1:colcon.colcon_core.shell:create_environment_hook('imu_publisher', 'ament_prefix_path')
[1.725s] INFO:colcon.colcon_core.plugin_system:Skipping extension 'colcon_core.shell.bat': Not used on non-Windows systems
[1.726s] INFO:colcon.colcon_core.shell:Creating environment hook '/home/leyla/Desktop/mpu_ws/install/imu_publisher/share/imu_publisher/hook/ament_prefix_path.ps1'
[1.733s] INFO:colcon.colcon_core.shell:Creating environment descriptor '/home/leyla/Desktop/mpu_ws/install/imu_publisher/share/imu_publisher/hook/ament_prefix_path.dsv'
[1.738s] INFO:colcon.colcon_core.shell:Creating environment hook '/home/leyla/Desktop/mpu_ws/install/imu_publisher/share/imu_publisher/hook/ament_prefix_path.sh'
[1.744s] INFO:colcon.colcon_core.shell:Skip shell extension 'powershell' for command environment: Not usable outside of PowerShell
[1.745s] DEBUG:colcon.colcon_core.shell:Skip shell extension 'dsv' for command environment
[3.571s] INFO:colcon.colcon_core.task.python.build:Building Python package in '/home/leyla/Desktop/mpu_ws/src/imu_publisher'
[3.575s] INFO:colcon.colcon_core.shell:Skip shell extension 'powershell' for command environment: Not usable outside of PowerShell
[3.576s] DEBUG:colcon.colcon_core.shell:Skip shell extension 'dsv' for command environment
[8.677s] DEBUG:colcon.colcon_core.event_handler.log_command:Invoking command in '/home/leyla/Desktop/mpu_ws/src/imu_publisher': DEBUGINFOD_URLS=https://debuginfod.ubuntu.com PYTHONPATH=/home/leyla/Desktop/mpu_ws/build/imu_publisher/prefix_override:/usr/lib/python3/dist-packages/colcon_core/task/python/colcon_distutils_commands:/home/leyla/Desktop/mpu_ws/install/imu_publisher/lib/python3.12/site-packages:${PYTHONPATH} /usr/bin/python3 -W ignore:setup.py install is deprecated -W ignore:easy_install command is deprecated setup.py egg_info --egg-base ../../build/imu_publisher build --build-base /home/leyla/Desktop/mpu_ws/build/imu_publisher/build install --record /home/leyla/Desktop/mpu_ws/build/imu_publisher/install.log --single-version-externally-managed install_data
[13.132s] DEBUG:colcon.colcon_core.event_handler.log_command:Invoked command in '/home/leyla/Desktop/mpu_ws/src/imu_publisher' returned '0': DEBUGINFOD_URLS=https://debuginfod.ubuntu.com PYTHONPATH=/home/leyla/Desktop/mpu_ws/build/imu_publisher/prefix_override:/usr/lib/python3/dist-packages/colcon_core/task/python/colcon_distutils_commands:/home/leyla/Desktop/mpu_ws/install/imu_publisher/lib/python3.12/site-packages:${PYTHONPATH} /usr/bin/python3 -W ignore:setup.py install is deprecated -W ignore:easy_install command is deprecated setup.py egg_info --egg-base ../../build/imu_publisher build --build-base /home/leyla/Desktop/mpu_ws/build/imu_publisher/build install --record /home/leyla/Desktop/mpu_ws/build/imu_publisher/install.log --single-version-externally-managed install_data
[13.148s] Level 1:colcon.colcon_core.environment:checking '/home/leyla/Desktop/mpu_ws/install/imu_publisher' for CMake module files
[13.154s] Level 1:colcon.colcon_core.environment:checking '/home/leyla/Desktop/mpu_ws/install/imu_publisher' for CMake config files
[13.158s] Level 1:colcon.colcon_core.environment:checking '/home/leyla/Desktop/mpu_ws/install/imu_publisher/lib'
[13.159s] Level 1:colcon.colcon_core.environment:checking '/home/leyla/Desktop/mpu_ws/install/imu_publisher/bin'
[13.160s] Level 1:colcon.colcon_core.environment:checking '/home/leyla/Desktop/mpu_ws/install/imu_publisher/lib/pkgconfig/imu_publisher.pc'
[13.161s] Level 1:colcon.colcon_core.environment:checking '/home/leyla/Desktop/mpu_ws/install/imu_publisher/lib/python3.12/site-packages'
[13.162s] Level 1:colcon.colcon_core.shell:create_environment_hook('imu_publisher', 'pythonpath')
[13.164s] INFO:colcon.colcon_core.shell:Creating environment hook '/home/leyla/Desktop/mpu_ws/install/imu_publisher/share/imu_publisher/hook/pythonpath.ps1'
[13.171s] INFO:colcon.colcon_core.shell:Creating environment descriptor '/home/leyla/Desktop/mpu_ws/install/imu_publisher/share/imu_publisher/hook/pythonpath.dsv'
[13.176s] INFO:colcon.colcon_core.shell:Creating environment hook '/home/leyla/Desktop/mpu_ws/install/imu_publisher/share/imu_publisher/hook/pythonpath.sh'
[13.185s] Level 1:colcon.colcon_core.environment:checking '/home/leyla/Desktop/mpu_ws/install/imu_publisher/bin'
[13.186s] Level 1:colcon.colcon_core.environment:create_environment_scripts_only(imu_publisher)
[13.188s] INFO:colcon.colcon_core.shell:Creating package script '/home/leyla/Desktop/mpu_ws/install/imu_publisher/share/imu_publisher/package.ps1'
[13.196s] INFO:colcon.colcon_core.shell:Creating package descriptor '/home/leyla/Desktop/mpu_ws/install/imu_publisher/share/imu_publisher/package.dsv'
[13.204s] INFO:colcon.colcon_core.shell:Creating package script '/home/leyla/Desktop/mpu_ws/install/imu_publisher/share/imu_publisher/package.sh'
[13.211s] INFO:colcon.colcon_core.shell:Creating package script '/home/leyla/Desktop/mpu_ws/install/imu_publisher/share/imu_publisher/package.bash'
[13.217s] INFO:colcon.colcon_core.shell:Creating package script '/home/leyla/Desktop/mpu_ws/install/imu_publisher/share/imu_publisher/package.zsh'
[13.222s] Level 1:colcon.colcon_core.environment:create_file_with_runtime_dependencies(/home/leyla/Desktop/mpu_ws/install/imu_publisher/share/colcon-core/packages/imu_publisher)
[13.224s] DEBUG:colcon.colcon_parallel_executor.executor.parallel:closing loop
[13.230s] DEBUG:colcon.colcon_parallel_executor.executor.parallel:loop closed
[13.231s] DEBUG:colcon.colcon_parallel_executor.executor.parallel:run_until_complete finished with '0'
[13.231s] DEBUG:colcon.colcon_core.event_reactor:joining thread
[13.265s] INFO:colcon.colcon_core.plugin_system:Skipping extension 'colcon_notification.desktop_notification.terminal_notifier': Not used on non-Darwin systems
[13.265s] INFO:colcon.colcon_core.plugin_system:Skipping extension 'colcon_notification.desktop_notification.win32': Not used on non-Windows systems
[13.266s] INFO:colcon.colcon_notification.desktop_notification:Sending desktop notification using 'notify2'
[13.384s] DEBUG:colcon.colcon_core.event_reactor:joined thread
[13.387s] INFO:colcon.colcon_core.shell:Creating prefix script '/home/leyla/Desktop/mpu_ws/install/local_setup.ps1'
[13.397s] INFO:colcon.colcon_core.shell:Creating prefix util module '/home/leyla/Desktop/mpu_ws/install/_local_setup_util_ps1.py'
[13.407s] INFO:colcon.colcon_core.shell:Creating prefix chain script '/home/leyla/Desktop/mpu_ws/install/setup.ps1'
[13.413s] INFO:colcon.colcon_core.shell:Creating prefix script '/home/leyla/Desktop/mpu_ws/install/local_setup.sh'
[13.421s] INFO:colcon.colcon_core.shell:Creating prefix util module '/home/leyla/Desktop/mpu_ws/install/_local_setup_util_sh.py'
[13.428s] INFO:colcon.colcon_core.shell:Creating prefix chain script '/home/leyla/Desktop/mpu_ws/install/setup.sh'
[13.434s] INFO:colcon.colcon_core.shell:Creating prefix script '/home/leyla/Desktop/mpu_ws/install/local_setup.bash'
[13.437s] INFO:colcon.colcon_core.shell:Creating prefix chain script '/home/leyla/Desktop/mpu_ws/install/setup.bash'
[13.449s] INFO:colcon.colcon_core.shell:Creating prefix script '/home/leyla/Desktop/mpu_ws/install/local_setup.zsh'
[13.453s] INFO:colcon.colcon_core.shell:Creating prefix chain script '/home/leyla/Desktop/mpu_ws/install/setup.zsh'
