running egg_info
writing ../../build/py_pkg/py_pkg.egg-info/PKG-INFO
writing dependency_links to ../../build/py_pkg/py_pkg.egg-info/dependency_links.txt
writing entry points to ../../build/py_pkg/py_pkg.egg-info/entry_points.txt
writing requirements to ../../build/py_pkg/py_pkg.egg-info/requires.txt
writing top-level names to ../../build/py_pkg/py_pkg.egg-info/top_level.txt
reading manifest file '../../build/py_pkg/py_pkg.egg-info/SOURCES.txt'
adding license file 'LICENSE'
writing manifest file '../../build/py_pkg/py_pkg.egg-info/SOURCES.txt'
running build
running build_py
running install
running install_lib
running install_data
copying py_pkg/launch/ejecutar.py -> /home/leyla/Desktop/kinect_ws/install/py_pkg/share/py_pkg/launch
running install_egg_info
removing '/home/leyla/Desktop/kinect_ws/install/py_pkg/lib/python3.12/site-packages/py_pkg-0.0.0-py3.12.egg-info' (and everything under it)
Copying ../../build/py_pkg/py_pkg.egg-info to /home/leyla/Desktop/kinect_ws/install/py_pkg/lib/python3.12/site-packages/py_pkg-0.0.0-py3.12.egg-info
running install_scripts
Installing d_aruco script to /home/leyla/Desktop/kinect_ws/install/py_pkg/lib/py_pkg
Installing d_vel script to /home/leyla/Desktop/kinect_ws/install/py_pkg/lib/py_pkg
Installing lidar script to /home/leyla/Desktop/kinect_ws/install/py_pkg/lib/py_pkg
Installing pub script to /home/leyla/Desktop/kinect_ws/install/py_pkg/lib/py_pkg
Installing servo script to /home/leyla/Desktop/kinect_ws/install/py_pkg/lib/py_pkg
Installing trans script to /home/leyla/Desktop/kinect_ws/install/py_pkg/lib/py_pkg
writing list of installed files to '/home/leyla/Desktop/kinect_ws/build/py_pkg/install.log'
