[2.860s] Invoking command in '/home/leyla/Desktop/kinect_ws/src/py_pkg': DEBUGINFOD_URLS=https://debuginfod.ubuntu.com PYTHONPATH=/home/leyla/Desktop/kinect_ws/build/py_pkg/prefix_override:/usr/lib/python3/dist-packages/colcon_core/task/python/colcon_distutils_commands:/home/leyla/Desktop/kinect_ws/install/py_pkg/lib/python3.12/site-packages:${PYTHONPATH} /usr/bin/python3 -W ignore:setup.py install is deprecated -W ignore:easy_install command is deprecated setup.py egg_info --egg-base ../../build/py_pkg build --build-base /home/leyla/Desktop/kinect_ws/build/py_pkg/build install --record /home/leyla/Desktop/kinect_ws/build/py_pkg/install.log --single-version-externally-managed install_data
[3.961s] running egg_info
[4.025s] writing ../../build/py_pkg/py_pkg.egg-info/PKG-INFO
[4.026s] writing dependency_links to ../../build/py_pkg/py_pkg.egg-info/dependency_links.txt
[4.027s] writing entry points to ../../build/py_pkg/py_pkg.egg-info/entry_points.txt
[4.028s] writing requirements to ../../build/py_pkg/py_pkg.egg-info/requires.txt
[4.029s] writing top-level names to ../../build/py_pkg/py_pkg.egg-info/top_level.txt
[4.133s] reading manifest file '../../build/py_pkg/py_pkg.egg-info/SOURCES.txt'
[4.137s] adding license file 'LICENSE'
[4.138s] writing manifest file '../../build/py_pkg/py_pkg.egg-info/SOURCES.txt'
[4.143s] running build
[4.145s] running build_py
[4.145s] copying py_pkg/kinect_tf_pub.py -> /home/leyla/Desktop/kinect_ws/build/py_pkg/build/lib/py_pkg
[4.149s] running install
[4.157s] running install_lib
[4.220s] copying /home/leyla/Desktop/kinect_ws/build/py_pkg/build/lib/py_pkg/kinect_tf_pub.py -> /home/leyla/Desktop/kinect_ws/install/py_pkg/lib/python3.12/site-packages/py_pkg
[4.223s] byte-compiling /home/leyla/Desktop/kinect_ws/install/py_pkg/lib/python3.12/site-packages/py_pkg/kinect_tf_pub.py to kinect_tf_pub.cpython-312.pyc
[4.231s] running install_data
[4.250s] running install_egg_info
[4.299s] removing '/home/leyla/Desktop/kinect_ws/install/py_pkg/lib/python3.12/site-packages/py_pkg-0.0.0-py3.12.egg-info' (and everything under it)
[4.299s] Copying ../../build/py_pkg/py_pkg.egg-info to /home/leyla/Desktop/kinect_ws/install/py_pkg/lib/python3.12/site-packages/py_pkg-0.0.0-py3.12.egg-info
[4.306s] running install_scripts
[4.703s] Installing d_aruco script to /home/leyla/Desktop/kinect_ws/install/py_pkg/lib/py_pkg
[4.709s] Installing d_vel script to /home/leyla/Desktop/kinect_ws/install/py_pkg/lib/py_pkg
[4.715s] Installing kinect_tf_pub script to /home/leyla/Desktop/kinect_ws/install/py_pkg/lib/py_pkg
[4.715s] Installing lidar script to /home/leyla/Desktop/kinect_ws/install/py_pkg/lib/py_pkg
[4.726s] Installing pub script to /home/leyla/Desktop/kinect_ws/install/py_pkg/lib/py_pkg
[4.728s] Installing servo script to /home/leyla/Desktop/kinect_ws/install/py_pkg/lib/py_pkg
[4.728s] writing list of installed files to '/home/leyla/Desktop/kinect_ws/build/py_pkg/install.log'
[4.892s] Invoked command in '/home/leyla/Desktop/kinect_ws/src/py_pkg' returned '0': DEBUGINFOD_URLS=https://debuginfod.ubuntu.com PYTHONPATH=/home/leyla/Desktop/kinect_ws/build/py_pkg/prefix_override:/usr/lib/python3/dist-packages/colcon_core/task/python/colcon_distutils_commands:/home/leyla/Desktop/kinect_ws/install/py_pkg/lib/python3.12/site-packages:${PYTHONPATH} /usr/bin/python3 -W ignore:setup.py install is deprecated -W ignore:easy_install command is deprecated setup.py egg_info --egg-base ../../build/py_pkg build --build-base /home/leyla/Desktop/kinect_ws/build/py_pkg/build install --record /home/leyla/Desktop/kinect_ws/build/py_pkg/install.log --single-version-externally-managed install_data
