[2.316s] Invoking command in '/home/leyla/Desktop/mpu_ws/src/imu_publisher': DEBUGINFOD_URLS=https://debuginfod.ubuntu.com PYTHONPATH=/home/leyla/Desktop/mpu_ws/build/imu_publisher/prefix_override:/usr/lib/python3/dist-packages/colcon_core/task/python/colcon_distutils_commands:/home/leyla/Desktop/mpu_ws/install/imu_publisher/lib/python3.12/site-packages:${PYTHONPATH} /usr/bin/python3 -W ignore:setup.py install is deprecated -W ignore:easy_install command is deprecated setup.py egg_info --egg-base ../../build/imu_publisher build --build-base /home/leyla/Desktop/mpu_ws/build/imu_publisher/build install --record /home/leyla/Desktop/mpu_ws/build/imu_publisher/install.log --single-version-externally-managed install_data
[2.962s] running egg_info
[3.021s] writing ../../build/imu_publisher/imu_publisher.egg-info/PKG-INFO
[3.021s] writing dependency_links to ../../build/imu_publisher/imu_publisher.egg-info/dependency_links.txt
[3.023s] writing entry points to ../../build/imu_publisher/imu_publisher.egg-info/entry_points.txt
[3.024s] writing requirements to ../../build/imu_publisher/imu_publisher.egg-info/requires.txt
[3.025s] writing top-level names to ../../build/imu_publisher/imu_publisher.egg-info/top_level.txt
[3.124s] reading manifest file '../../build/imu_publisher/imu_publisher.egg-info/SOURCES.txt'
[3.127s] writing manifest file '../../build/imu_publisher/imu_publisher.egg-info/SOURCES.txt'
[3.130s] running build
[3.130s] running build_py
[3.132s] running install
[3.145s] running install_lib
[3.200s] running install_data
[3.202s] running install_egg_info
[3.262s] removing '/home/leyla/Desktop/mpu_ws/install/imu_publisher/lib/python3.12/site-packages/imu_publisher-0.0.0-py3.12.egg-info' (and everything under it)
[3.267s] Copying ../../build/imu_publisher/imu_publisher.egg-info to /home/leyla/Desktop/mpu_ws/install/imu_publisher/lib/python3.12/site-packages/imu_publisher-0.0.0-py3.12.egg-info
[3.307s] running install_scripts
[3.655s] Installing imu script to /home/leyla/Desktop/mpu_ws/install/imu_publisher/lib/imu_publisher
[3.657s] Installing tf script to /home/leyla/Desktop/mpu_ws/install/imu_publisher/lib/imu_publisher
[3.659s] writing list of installed files to '/home/leyla/Desktop/mpu_ws/build/imu_publisher/install.log'
[3.802s] Invoked command in '/home/leyla/Desktop/mpu_ws/src/imu_publisher' returned '0': DEBUGINFOD_URLS=https://debuginfod.ubuntu.com PYTHONPATH=/home/leyla/Desktop/mpu_ws/build/imu_publisher/prefix_override:/usr/lib/python3/dist-packages/colcon_core/task/python/colcon_distutils_commands:/home/leyla/Desktop/mpu_ws/install/imu_publisher/lib/python3.12/site-packages:${PYTHONPATH} /usr/bin/python3 -W ignore:setup.py install is deprecated -W ignore:easy_install command is deprecated setup.py egg_info --egg-base ../../build/imu_publisher build --build-base /home/leyla/Desktop/mpu_ws/build/imu_publisher/build install --record /home/leyla/Desktop/mpu_ws/build/imu_publisher/install.log --single-version-externally-managed install_data
