[0.373s] DEBUG:colcon:Command line arguments: ['/usr/bin/colcon', 'build']
[0.373s] DEBUG:colcon:Parsed command line arguments: Namespace(log_base=None, log_level=None, verb_name='build', build_base='build', install_base='install', merge_install=False, symlink_install=False, test_result_base=None, continue_on_error=False, executor='parallel', parallel_workers=4, event_handlers=None, ignore_user_meta=False, metas=['./colcon.meta'], base_paths=['.'], packages_ignore=None, packages_ignore_regex=None, paths=None, packages_up_to=None, packages_up_to_regex=None, packages_above=None, packages_above_and_dependencies=None, packages_above_depth=None, packages_select_by_dep=None, packages_skip_by_dep=None, packages_skip_up_to=None, packages_select_build_failed=False, packages_skip_build_finished=False, packages_select_test_failures=False, packages_skip_test_passed=False, packages_select=None, packages_skip=None, packages_select_regex=None, packages_skip_regex=None, packages_start=None, packages_end=None, allow_overriding=[], cmake_args=None, cmake_target=None, cmake_target_skip_unavailable=False, cmake_clean_cache=False, cmake_clean_first=False, cmake_force_configure=False, ament_cmake_args=None, catkin_cmake_args=None, catkin_skip_building_tests=False, mixin_files=None, mixin=None, verb_parser=<colcon_mixin.mixin.mixin_argument.MixinArgumentDecorator object at 0xffff85de2ff0>, verb_extension=<colcon_core.verb.build.BuildVerb object at 0xffff86867980>, main=<bound method BuildVerb.main of <colcon_core.verb.build.BuildVerb object at 0xffff86867980>>, mixin_verb=('build',))
[0.524s] Level 1:colcon.colcon_core.package_discovery:discover_packages(colcon_meta) check parameters
[0.525s] Level 1:colcon.colcon_core.package_discovery:discover_packages(recursive) check parameters
[0.526s] Level 1:colcon.colcon_core.package_discovery:discover_packages(ignore) check parameters
[0.526s] Level 1:colcon.colcon_core.package_discovery:discover_packages(path) check parameters
[0.526s] Level 1:colcon.colcon_core.package_discovery:discover_packages(colcon_meta) discover
[0.526s] Level 1:colcon.colcon_core.package_discovery:discover_packages(recursive) discover
[0.526s] INFO:colcon.colcon_core.package_discovery:Crawling recursively for packages in '/home/leyla/Desktop/kinect_ws'
[0.527s] Level 1:colcon.colcon_core.package_identification:_identify(.) by extensions ['ignore', 'ignore_ament_install']
[0.527s] Level 1:colcon.colcon_core.package_identification:_identify(.) by extension 'ignore'
[0.528s] Level 1:colcon.colcon_core.package_identification:_identify(.) by extension 'ignore_ament_install'
[0.528s] Level 1:colcon.colcon_core.package_identification:_identify(.) by extensions ['colcon_pkg']
[0.528s] Level 1:colcon.colcon_core.package_identification:_identify(.) by extension 'colcon_pkg'
[0.528s] Level 1:colcon.colcon_core.package_identification:_identify(.) by extensions ['colcon_meta']
[0.528s] Level 1:colcon.colcon_core.package_identification:_identify(.) by extension 'colcon_meta'
[0.528s] Level 1:colcon.colcon_core.package_identification:_identify(.) by extensions ['ros']
[0.529s] Level 1:colcon.colcon_core.package_identification:_identify(.) by extension 'ros'
[0.607s] Level 1:colcon.colcon_core.package_identification:_identify(.) by extensions ['cmake', 'python']
[0.608s] Level 1:colcon.colcon_core.package_identification:_identify(.) by extension 'cmake'
[0.608s] Level 1:colcon.colcon_core.package_identification:_identify(.) by extension 'python'
[0.608s] Level 1:colcon.colcon_core.package_identification:_identify(.) by extensions ['python_setup_py']
[0.608s] Level 1:colcon.colcon_core.package_identification:_identify(.) by extension 'python_setup_py'
[0.609s] Level 1:colcon.colcon_core.package_identification:_identify(build) by extensions ['ignore', 'ignore_ament_install']
[0.609s] Level 1:colcon.colcon_core.package_identification:_identify(build) by extension 'ignore'
[0.609s] Level 1:colcon.colcon_core.package_identification:_identify(build) ignored
[0.610s] Level 1:colcon.colcon_core.package_identification:_identify(install) by extensions ['ignore', 'ignore_ament_install']
[0.610s] Level 1:colcon.colcon_core.package_identification:_identify(install) by extension 'ignore'
[0.610s] Level 1:colcon.colcon_core.package_identification:_identify(install) ignored
[0.612s] Level 1:colcon.colcon_core.package_identification:_identify(log) by extensions ['ignore', 'ignore_ament_install']
[0.613s] Level 1:colcon.colcon_core.package_identification:_identify(log) by extension 'ignore'
[0.613s] Level 1:colcon.colcon_core.package_identification:_identify(log) ignored
[0.614s] Level 1:colcon.colcon_core.package_identification:_identify(src) by extensions ['ignore', 'ignore_ament_install']
[0.615s] Level 1:colcon.colcon_core.package_identification:_identify(src) by extension 'ignore'
[0.615s] Level 1:colcon.colcon_core.package_identification:_identify(src) by extension 'ignore_ament_install'
[0.615s] Level 1:colcon.colcon_core.package_identification:_identify(src) by extensions ['colcon_pkg']
[0.616s] Level 1:colcon.colcon_core.package_identification:_identify(src) by extension 'colcon_pkg'
[0.616s] Level 1:colcon.colcon_core.package_identification:_identify(src) by extensions ['colcon_meta']
[0.616s] Level 1:colcon.colcon_core.package_identification:_identify(src) by extension 'colcon_meta'
[0.616s] Level 1:colcon.colcon_core.package_identification:_identify(src) by extensions ['ros']
[0.616s] Level 1:colcon.colcon_core.package_identification:_identify(src) by extension 'ros'
[0.616s] Level 1:colcon.colcon_core.package_identification:_identify(src) by extensions ['cmake', 'python']
[0.616s] Level 1:colcon.colcon_core.package_identification:_identify(src) by extension 'cmake'
[0.616s] Level 1:colcon.colcon_core.package_identification:_identify(src) by extension 'python'
[0.617s] Level 1:colcon.colcon_core.package_identification:_identify(src) by extensions ['python_setup_py']
[0.617s] Level 1:colcon.colcon_core.package_identification:_identify(src) by extension 'python_setup_py'
[0.617s] Level 1:colcon.colcon_core.package_identification:_identify(src/py_pkg) by extensions ['ignore', 'ignore_ament_install']
[0.617s] Level 1:colcon.colcon_core.package_identification:_identify(src/py_pkg) by extension 'ignore'
[0.617s] Level 1:colcon.colcon_core.package_identification:_identify(src/py_pkg) by extension 'ignore_ament_install'
[0.618s] Level 1:colcon.colcon_core.package_identification:_identify(src/py_pkg) by extensions ['colcon_pkg']
[0.618s] Level 1:colcon.colcon_core.package_identification:_identify(src/py_pkg) by extension 'colcon_pkg'
[0.618s] Level 1:colcon.colcon_core.package_identification:_identify(src/py_pkg) by extensions ['colcon_meta']
[0.618s] Level 1:colcon.colcon_core.package_identification:_identify(src/py_pkg) by extension 'colcon_meta'
[0.618s] Level 1:colcon.colcon_core.package_identification:_identify(src/py_pkg) by extensions ['ros']
[0.618s] Level 1:colcon.colcon_core.package_identification:_identify(src/py_pkg) by extension 'ros'
[0.626s] DEBUG:colcon.colcon_core.package_identification:Package 'src/py_pkg' with type 'ros.ament_python' and name 'py_pkg'
[0.626s] Level 1:colcon.colcon_core.package_discovery:discover_packages(recursive) using defaults
[0.626s] Level 1:colcon.colcon_core.package_discovery:discover_packages(ignore) discover
[0.626s] Level 1:colcon.colcon_core.package_discovery:discover_packages(ignore) using defaults
[0.626s] Level 1:colcon.colcon_core.package_discovery:discover_packages(path) discover
[0.626s] Level 1:colcon.colcon_core.package_discovery:discover_packages(path) using defaults
[0.702s] Level 1:colcon.colcon_core.package_discovery:discover_packages(prefix_path) check parameters
[0.702s] Level 1:colcon.colcon_core.package_discovery:discover_packages(prefix_path) discover
[0.708s] DEBUG:colcon.colcon_installed_package_information.package_discovery:Found 1 installed packages in /home/leyla/Desktop/kinect_ws/install
[0.709s] DEBUG:colcon.colcon_installed_package_information.package_discovery:Found 1 installed packages in /home/leyla/Desktop/ros2_ws/install
[0.713s] DEBUG:colcon.colcon_installed_package_information.package_discovery:Found 216 installed packages in /opt/ros/jazzy
[0.717s] Level 1:colcon.colcon_core.package_discovery:discover_packages(prefix_path) using defaults
[0.794s] Level 5:colcon.colcon_core.verb:set package 'py_pkg' build argument 'cmake_args' from command line to 'None'
[0.795s] Level 5:colcon.colcon_core.verb:set package 'py_pkg' build argument 'cmake_target' from command line to 'None'
[0.795s] Level 5:colcon.colcon_core.verb:set package 'py_pkg' build argument 'cmake_target_skip_unavailable' from command line to 'False'
[0.795s] Level 5:colcon.colcon_core.verb:set package 'py_pkg' build argument 'cmake_clean_cache' from command line to 'False'
[0.795s] Level 5:colcon.colcon_core.verb:set package 'py_pkg' build argument 'cmake_clean_first' from command line to 'False'
[0.795s] Level 5:colcon.colcon_core.verb:set package 'py_pkg' build argument 'cmake_force_configure' from command line to 'False'
[0.795s] Level 5:colcon.colcon_core.verb:set package 'py_pkg' build argument 'ament_cmake_args' from command line to 'None'
[0.795s] Level 5:colcon.colcon_core.verb:set package 'py_pkg' build argument 'catkin_cmake_args' from command line to 'None'
[0.795s] Level 5:colcon.colcon_core.verb:set package 'py_pkg' build argument 'catkin_skip_building_tests' from command line to 'False'
[0.795s] DEBUG:colcon.colcon_core.verb:Building package 'py_pkg' with the following arguments: {'ament_cmake_args': None, 'build_base': '/home/leyla/Desktop/kinect_ws/build/py_pkg', 'catkin_cmake_args': None, 'catkin_skip_building_tests': False, 'cmake_args': None, 'cmake_clean_cache': False, 'cmake_clean_first': False, 'cmake_force_configure': False, 'cmake_target': None, 'cmake_target_skip_unavailable': False, 'install_base': '/home/leyla/Desktop/kinect_ws/install/py_pkg', 'merge_install': False, 'path': '/home/leyla/Desktop/kinect_ws/src/py_pkg', 'symlink_install': False, 'test_result_base': None}
[0.796s] INFO:colcon.colcon_core.executor:Executing jobs using 'parallel' executor
[0.798s] DEBUG:colcon.colcon_parallel_executor.executor.parallel:run_until_complete
[0.799s] INFO:colcon.colcon_ros.task.ament_python.build:Building ROS package in '/home/leyla/Desktop/kinect_ws/src/py_pkg' with build type 'ament_python'
[0.799s] Level 1:colcon.colcon_core.shell:create_environment_hook('py_pkg', 'ament_prefix_path')
[0.805s] INFO:colcon.colcon_core.plugin_system:Skipping extension 'colcon_core.shell.bat': Not used on non-Windows systems
[0.805s] INFO:colcon.colcon_core.shell:Creating environment hook '/home/leyla/Desktop/kinect_ws/install/py_pkg/share/py_pkg/hook/ament_prefix_path.ps1'
[0.807s] INFO:colcon.colcon_core.shell:Creating environment descriptor '/home/leyla/Desktop/kinect_ws/install/py_pkg/share/py_pkg/hook/ament_prefix_path.dsv'
[0.809s] INFO:colcon.colcon_core.shell:Creating environment hook '/home/leyla/Desktop/kinect_ws/install/py_pkg/share/py_pkg/hook/ament_prefix_path.sh'
[0.814s] INFO:colcon.colcon_core.shell:Skip shell extension 'powershell' for command environment: Not usable outside of PowerShell
[0.814s] DEBUG:colcon.colcon_core.shell:Skip shell extension 'dsv' for command environment
[1.715s] INFO:colcon.colcon_core.task.python.build:Building Python package in '/home/leyla/Desktop/kinect_ws/src/py_pkg'
[1.719s] INFO:colcon.colcon_core.shell:Skip shell extension 'powershell' for command environment: Not usable outside of PowerShell
[1.720s] DEBUG:colcon.colcon_core.shell:Skip shell extension 'dsv' for command environment
[3.875s] DEBUG:colcon.colcon_core.event_handler.log_command:Invoking command in '/home/leyla/Desktop/kinect_ws/src/py_pkg': DEBUGINFOD_URLS=https://debuginfod.ubuntu.com PYTHONPATH=/home/leyla/Desktop/kinect_ws/build/py_pkg/prefix_override:/usr/lib/python3/dist-packages/colcon_core/task/python/colcon_distutils_commands:/home/leyla/Desktop/kinect_ws/install/py_pkg/lib/python3.12/site-packages:${PYTHONPATH} /usr/bin/python3 -W ignore:setup.py install is deprecated -W ignore:easy_install command is deprecated setup.py egg_info --egg-base ../../build/py_pkg build --build-base /home/leyla/Desktop/kinect_ws/build/py_pkg/build install --record /home/leyla/Desktop/kinect_ws/build/py_pkg/install.log --single-version-externally-managed install_data
[6.020s] DEBUG:colcon.colcon_core.event_handler.log_command:Invoked command in '/home/leyla/Desktop/kinect_ws/src/py_pkg' returned '0': DEBUGINFOD_URLS=https://debuginfod.ubuntu.com PYTHONPATH=/home/leyla/Desktop/kinect_ws/build/py_pkg/prefix_override:/usr/lib/python3/dist-packages/colcon_core/task/python/colcon_distutils_commands:/home/leyla/Desktop/kinect_ws/install/py_pkg/lib/python3.12/site-packages:${PYTHONPATH} /usr/bin/python3 -W ignore:setup.py install is deprecated -W ignore:easy_install command is deprecated setup.py egg_info --egg-base ../../build/py_pkg build --build-base /home/leyla/Desktop/kinect_ws/build/py_pkg/build install --record /home/leyla/Desktop/kinect_ws/build/py_pkg/install.log --single-version-externally-managed install_data
[6.039s] Level 1:colcon.colcon_core.environment:checking '/home/leyla/Desktop/kinect_ws/install/py_pkg' for CMake module files
[6.043s] Level 1:colcon.colcon_core.environment:checking '/home/leyla/Desktop/kinect_ws/install/py_pkg' for CMake config files
[6.048s] Level 1:colcon.colcon_core.environment:checking '/home/leyla/Desktop/kinect_ws/install/py_pkg/lib'
[6.049s] Level 1:colcon.colcon_core.environment:checking '/home/leyla/Desktop/kinect_ws/install/py_pkg/bin'
[6.049s] Level 1:colcon.colcon_core.environment:checking '/home/leyla/Desktop/kinect_ws/install/py_pkg/lib/pkgconfig/py_pkg.pc'
[6.050s] Level 1:colcon.colcon_core.environment:checking '/home/leyla/Desktop/kinect_ws/install/py_pkg/lib/python3.12/site-packages'
[6.051s] Level 1:colcon.colcon_core.shell:create_environment_hook('py_pkg', 'pythonpath')
[6.052s] INFO:colcon.colcon_core.shell:Creating environment hook '/home/leyla/Desktop/kinect_ws/install/py_pkg/share/py_pkg/hook/pythonpath.ps1'
[6.053s] INFO:colcon.colcon_core.shell:Creating environment descriptor '/home/leyla/Desktop/kinect_ws/install/py_pkg/share/py_pkg/hook/pythonpath.dsv'
[6.055s] INFO:colcon.colcon_core.shell:Creating environment hook '/home/leyla/Desktop/kinect_ws/install/py_pkg/share/py_pkg/hook/pythonpath.sh'
[6.063s] Level 1:colcon.colcon_core.environment:checking '/home/leyla/Desktop/kinect_ws/install/py_pkg/bin'
[6.064s] Level 1:colcon.colcon_core.environment:create_environment_scripts_only(py_pkg)
[6.065s] INFO:colcon.colcon_core.shell:Creating package script '/home/leyla/Desktop/kinect_ws/install/py_pkg/share/py_pkg/package.ps1'
[6.068s] INFO:colcon.colcon_core.shell:Creating package descriptor '/home/leyla/Desktop/kinect_ws/install/py_pkg/share/py_pkg/package.dsv'
[6.070s] INFO:colcon.colcon_core.shell:Creating package script '/home/leyla/Desktop/kinect_ws/install/py_pkg/share/py_pkg/package.sh'
[6.072s] INFO:colcon.colcon_core.shell:Creating package script '/home/leyla/Desktop/kinect_ws/install/py_pkg/share/py_pkg/package.bash'
[6.075s] INFO:colcon.colcon_core.shell:Creating package script '/home/leyla/Desktop/kinect_ws/install/py_pkg/share/py_pkg/package.zsh'
[6.077s] Level 1:colcon.colcon_core.environment:create_file_with_runtime_dependencies(/home/leyla/Desktop/kinect_ws/install/py_pkg/share/colcon-core/packages/py_pkg)
[6.078s] DEBUG:colcon.colcon_parallel_executor.executor.parallel:closing loop
[6.079s] DEBUG:colcon.colcon_parallel_executor.executor.parallel:loop closed
[6.080s] DEBUG:colcon.colcon_parallel_executor.executor.parallel:run_until_complete finished with '0'
[6.080s] DEBUG:colcon.colcon_core.event_reactor:joining thread
[6.105s] INFO:colcon.colcon_core.plugin_system:Skipping extension 'colcon_notification.desktop_notification.terminal_notifier': Not used on non-Darwin systems
[6.106s] INFO:colcon.colcon_core.plugin_system:Skipping extension 'colcon_notification.desktop_notification.win32': Not used on non-Windows systems
[6.106s] INFO:colcon.colcon_notification.desktop_notification:Sending desktop notification using 'notify2'
[6.164s] DEBUG:colcon.colcon_core.event_reactor:joined thread
[6.164s] INFO:colcon.colcon_core.shell:Creating prefix script '/home/leyla/Desktop/kinect_ws/install/local_setup.ps1'
[6.173s] INFO:colcon.colcon_core.shell:Creating prefix util module '/home/leyla/Desktop/kinect_ws/install/_local_setup_util_ps1.py'
[6.178s] INFO:colcon.colcon_core.shell:Creating prefix chain script '/home/leyla/Desktop/kinect_ws/install/setup.ps1'
[6.181s] INFO:colcon.colcon_core.shell:Creating prefix script '/home/leyla/Desktop/kinect_ws/install/local_setup.sh'
[6.183s] INFO:colcon.colcon_core.shell:Creating prefix util module '/home/leyla/Desktop/kinect_ws/install/_local_setup_util_sh.py'
[6.185s] INFO:colcon.colcon_core.shell:Creating prefix chain script '/home/leyla/Desktop/kinect_ws/install/setup.sh'
[6.188s] INFO:colcon.colcon_core.shell:Creating prefix script '/home/leyla/Desktop/kinect_ws/install/local_setup.bash'
[6.192s] INFO:colcon.colcon_core.shell:Creating prefix chain script '/home/leyla/Desktop/kinect_ws/install/setup.bash'
[6.196s] INFO:colcon.colcon_core.shell:Creating prefix script '/home/leyla/Desktop/kinect_ws/install/local_setup.zsh'
[6.198s] INFO:colcon.colcon_core.shell:Creating prefix chain script '/home/leyla/Desktop/kinect_ws/install/setup.zsh'
