[0.969s] DEBUG:colcon:Command line arguments: ['/usr/bin/colcon', 'build']
[0.970s] DEBUG:colcon:Parsed command line arguments: Namespace(log_base=None, log_level=None, verb_name='build', build_base='build', install_base='install', merge_install=False, symlink_install=False, test_result_base=None, continue_on_error=False, executor='parallel', parallel_workers=4, event_handlers=None, ignore_user_meta=False, metas=['./colcon.meta'], base_paths=['.'], packages_ignore=None, packages_ignore_regex=None, paths=None, packages_up_to=None, packages_up_to_regex=None, packages_above=None, packages_above_and_dependencies=None, packages_above_depth=None, packages_select_by_dep=None, packages_skip_by_dep=None, packages_skip_up_to=None, packages_select_build_failed=False, packages_skip_build_finished=False, packages_select_test_failures=False, packages_skip_test_passed=False, packages_select=None, packages_skip=None, packages_select_regex=None, packages_skip_regex=None, packages_start=None, packages_end=None, allow_overriding=[], cmake_args=None, cmake_target=None, cmake_target_skip_unavailable=False, cmake_clean_cache=False, cmake_clean_first=False, cmake_force_configure=False, ament_cmake_args=None, catkin_cmake_args=None, catkin_skip_building_tests=False, mixin_files=None, mixin=None, verb_parser=<colcon_mixin.mixin.mixin_argument.MixinArgumentDecorator object at 0xffff96a3c770>, verb_extension=<colcon_core.verb.build.BuildVerb object at 0xffff96bf98e0>, main=<bound method BuildVerb.main of <colcon_core.verb.build.BuildVerb object at 0xffff96bf98e0>>, mixin_verb=('build',))
[1.265s] Level 1:colcon.colcon_core.package_discovery:discover_packages(colcon_meta) check parameters
[1.267s] Level 1:colcon.colcon_core.package_discovery:discover_packages(recursive) check parameters
[1.267s] Level 1:colcon.colcon_core.package_discovery:discover_packages(ignore) check parameters
[1.267s] Level 1:colcon.colcon_core.package_discovery:discover_packages(path) check parameters
[1.267s] Level 1:colcon.colcon_core.package_discovery:discover_packages(colcon_meta) discover
[1.268s] Level 1:colcon.colcon_core.package_discovery:discover_packages(recursive) discover
[1.268s] INFO:colcon.colcon_core.package_discovery:Crawling recursively for packages in '/home/leyla/Desktop/kinect_ws'
[1.269s] Level 1:colcon.colcon_core.package_identification:_identify(.) by extensions ['ignore', 'ignore_ament_install']
[1.270s] Level 1:colcon.colcon_core.package_identification:_identify(.) by extension 'ignore'
[1.270s] Level 1:colcon.colcon_core.package_identification:_identify(.) by extension 'ignore_ament_install'
[1.270s] Level 1:colcon.colcon_core.package_identification:_identify(.) by extensions ['colcon_pkg']
[1.270s] Level 1:colcon.colcon_core.package_identification:_identify(.) by extension 'colcon_pkg'
[1.270s] Level 1:colcon.colcon_core.package_identification:_identify(.) by extensions ['colcon_meta']
[1.271s] Level 1:colcon.colcon_core.package_identification:_identify(.) by extension 'colcon_meta'
[1.271s] Level 1:colcon.colcon_core.package_identification:_identify(.) by extensions ['ros']
[1.271s] Level 1:colcon.colcon_core.package_identification:_identify(.) by extension 'ros'
[1.435s] Level 1:colcon.colcon_core.package_identification:_identify(.) by extensions ['cmake', 'python']
[1.436s] Level 1:colcon.colcon_core.package_identification:_identify(.) by extension 'cmake'
[1.437s] Level 1:colcon.colcon_core.package_identification:_identify(.) by extension 'python'
[1.438s] Level 1:colcon.colcon_core.package_identification:_identify(.) by extensions ['python_setup_py']
[1.438s] Level 1:colcon.colcon_core.package_identification:_identify(.) by extension 'python_setup_py'
[1.439s] Level 1:colcon.colcon_core.package_identification:_identify(build) by extensions ['ignore', 'ignore_ament_install']
[1.439s] Level 1:colcon.colcon_core.package_identification:_identify(build) by extension 'ignore'
[1.440s] Level 1:colcon.colcon_core.package_identification:_identify(build) ignored
[1.441s] Level 1:colcon.colcon_core.package_identification:_identify(install) by extensions ['ignore', 'ignore_ament_install']
[1.442s] Level 1:colcon.colcon_core.package_identification:_identify(install) by extension 'ignore'
[1.443s] Level 1:colcon.colcon_core.package_identification:_identify(install) ignored
[1.444s] Level 1:colcon.colcon_core.package_identification:_identify(log) by extensions ['ignore', 'ignore_ament_install']
[1.445s] Level 1:colcon.colcon_core.package_identification:_identify(log) by extension 'ignore'
[1.445s] Level 1:colcon.colcon_core.package_identification:_identify(log) ignored
[1.446s] Level 1:colcon.colcon_core.package_identification:_identify(src) by extensions ['ignore', 'ignore_ament_install']
[1.447s] Level 1:colcon.colcon_core.package_identification:_identify(src) by extension 'ignore'
[1.448s] Level 1:colcon.colcon_core.package_identification:_identify(src) by extension 'ignore_ament_install'
[1.448s] Level 1:colcon.colcon_core.package_identification:_identify(src) by extensions ['colcon_pkg']
[1.448s] Level 1:colcon.colcon_core.package_identification:_identify(src) by extension 'colcon_pkg'
[1.449s] Level 1:colcon.colcon_core.package_identification:_identify(src) by extensions ['colcon_meta']
[1.449s] Level 1:colcon.colcon_core.package_identification:_identify(src) by extension 'colcon_meta'
[1.449s] Level 1:colcon.colcon_core.package_identification:_identify(src) by extensions ['ros']
[1.449s] Level 1:colcon.colcon_core.package_identification:_identify(src) by extension 'ros'
[1.450s] Level 1:colcon.colcon_core.package_identification:_identify(src) by extensions ['cmake', 'python']
[1.450s] Level 1:colcon.colcon_core.package_identification:_identify(src) by extension 'cmake'
[1.450s] Level 1:colcon.colcon_core.package_identification:_identify(src) by extension 'python'
[1.450s] Level 1:colcon.colcon_core.package_identification:_identify(src) by extensions ['python_setup_py']
[1.451s] Level 1:colcon.colcon_core.package_identification:_identify(src) by extension 'python_setup_py'
[1.451s] Level 1:colcon.colcon_core.package_identification:_identify(src/py_pkg) by extensions ['ignore', 'ignore_ament_install']
[1.452s] Level 1:colcon.colcon_core.package_identification:_identify(src/py_pkg) by extension 'ignore'
[1.452s] Level 1:colcon.colcon_core.package_identification:_identify(src/py_pkg) by extension 'ignore_ament_install'
[1.452s] Level 1:colcon.colcon_core.package_identification:_identify(src/py_pkg) by extensions ['colcon_pkg']
[1.452s] Level 1:colcon.colcon_core.package_identification:_identify(src/py_pkg) by extension 'colcon_pkg'
[1.452s] Level 1:colcon.colcon_core.package_identification:_identify(src/py_pkg) by extensions ['colcon_meta']
[1.453s] Level 1:colcon.colcon_core.package_identification:_identify(src/py_pkg) by extension 'colcon_meta'
[1.453s] Level 1:colcon.colcon_core.package_identification:_identify(src/py_pkg) by extensions ['ros']
[1.453s] Level 1:colcon.colcon_core.package_identification:_identify(src/py_pkg) by extension 'ros'
[1.468s] DEBUG:colcon.colcon_core.package_identification:Package 'src/py_pkg' with type 'ros.ament_python' and name 'py_pkg'
[1.468s] Level 1:colcon.colcon_core.package_discovery:discover_packages(recursive) using defaults
[1.469s] Level 1:colcon.colcon_core.package_discovery:discover_packages(ignore) discover
[1.469s] Level 1:colcon.colcon_core.package_discovery:discover_packages(ignore) using defaults
[1.470s] Level 1:colcon.colcon_core.package_discovery:discover_packages(path) discover
[1.470s] Level 1:colcon.colcon_core.package_discovery:discover_packages(path) using defaults
[1.571s] Level 1:colcon.colcon_core.package_discovery:discover_packages(prefix_path) check parameters
[1.572s] Level 1:colcon.colcon_core.package_discovery:discover_packages(prefix_path) discover
[1.585s] DEBUG:colcon.colcon_installed_package_information.package_discovery:Found 1 installed packages in /home/leyla/Desktop/kinect_ws/install
[1.589s] DEBUG:colcon.colcon_installed_package_information.package_discovery:Found 1 installed packages in /home/leyla/Desktop/ros2_ws/install
[1.597s] DEBUG:colcon.colcon_installed_package_information.package_discovery:Found 338 installed packages in /opt/ros/jazzy
[1.601s] Level 1:colcon.colcon_core.package_discovery:discover_packages(prefix_path) using defaults
[1.954s] Level 5:colcon.colcon_core.verb:set package 'py_pkg' build argument 'cmake_args' from command line to 'None'
[1.954s] Level 5:colcon.colcon_core.verb:set package 'py_pkg' build argument 'cmake_target' from command line to 'None'
[1.954s] Level 5:colcon.colcon_core.verb:set package 'py_pkg' build argument 'cmake_target_skip_unavailable' from command line to 'False'
[1.955s] Level 5:colcon.colcon_core.verb:set package 'py_pkg' build argument 'cmake_clean_cache' from command line to 'False'
[1.955s] Level 5:colcon.colcon_core.verb:set package 'py_pkg' build argument 'cmake_clean_first' from command line to 'False'
[1.956s] Level 5:colcon.colcon_core.verb:set package 'py_pkg' build argument 'cmake_force_configure' from command line to 'False'
[1.957s] Level 5:colcon.colcon_core.verb:set package 'py_pkg' build argument 'ament_cmake_args' from command line to 'None'
[1.957s] Level 5:colcon.colcon_core.verb:set package 'py_pkg' build argument 'catkin_cmake_args' from command line to 'None'
[1.958s] Level 5:colcon.colcon_core.verb:set package 'py_pkg' build argument 'catkin_skip_building_tests' from command line to 'False'
[1.958s] DEBUG:colcon.colcon_core.verb:Building package 'py_pkg' with the following arguments: {'ament_cmake_args': None, 'build_base': '/home/leyla/Desktop/kinect_ws/build/py_pkg', 'catkin_cmake_args': None, 'catkin_skip_building_tests': False, 'cmake_args': None, 'cmake_clean_cache': False, 'cmake_clean_first': False, 'cmake_force_configure': False, 'cmake_target': None, 'cmake_target_skip_unavailable': False, 'install_base': '/home/leyla/Desktop/kinect_ws/install/py_pkg', 'merge_install': False, 'path': '/home/leyla/Desktop/kinect_ws/src/py_pkg', 'symlink_install': False, 'test_result_base': None}
[1.959s] INFO:colcon.colcon_core.executor:Executing jobs using 'parallel' executor
[1.966s] DEBUG:colcon.colcon_parallel_executor.executor.parallel:run_until_complete
[1.967s] INFO:colcon.colcon_ros.task.ament_python.build:Building ROS package in '/home/leyla/Desktop/kinect_ws/src/py_pkg' with build type 'ament_python'
[1.968s] Level 1:colcon.colcon_core.shell:create_environment_hook('py_pkg', 'ament_prefix_path')
[1.984s] INFO:colcon.colcon_core.plugin_system:Skipping extension 'colcon_core.shell.bat': Not used on non-Windows systems
[1.985s] INFO:colcon.colcon_core.shell:Creating environment hook '/home/leyla/Desktop/kinect_ws/install/py_pkg/share/py_pkg/hook/ament_prefix_path.ps1'
[1.992s] INFO:colcon.colcon_core.shell:Creating environment descriptor '/home/leyla/Desktop/kinect_ws/install/py_pkg/share/py_pkg/hook/ament_prefix_path.dsv'
[1.998s] INFO:colcon.colcon_core.shell:Creating environment hook '/home/leyla/Desktop/kinect_ws/install/py_pkg/share/py_pkg/hook/ament_prefix_path.sh'
[2.010s] INFO:colcon.colcon_core.shell:Skip shell extension 'powershell' for command environment: Not usable outside of PowerShell
[2.012s] DEBUG:colcon.colcon_core.shell:Skip shell extension 'dsv' for command environment
[3.676s] INFO:colcon.colcon_core.task.python.build:Building Python package in '/home/leyla/Desktop/kinect_ws/src/py_pkg'
[3.676s] INFO:colcon.colcon_core.shell:Skip shell extension 'powershell' for command environment: Not usable outside of PowerShell
[3.677s] DEBUG:colcon.colcon_core.shell:Skip shell extension 'dsv' for command environment
[8.922s] DEBUG:colcon.colcon_core.event_handler.log_command:Invoking command in '/home/leyla/Desktop/kinect_ws/src/py_pkg': DEBUGINFOD_URLS=https://debuginfod.ubuntu.com PYTHONPATH=/home/leyla/Desktop/kinect_ws/build/py_pkg/prefix_override:/usr/lib/python3/dist-packages/colcon_core/task/python/colcon_distutils_commands:/home/leyla/Desktop/kinect_ws/install/py_pkg/lib/python3.12/site-packages:${PYTHONPATH} /usr/bin/python3 -W ignore:setup.py install is deprecated -W ignore:easy_install command is deprecated setup.py egg_info --egg-base ../../build/py_pkg build --build-base /home/leyla/Desktop/kinect_ws/build/py_pkg/build install --record /home/leyla/Desktop/kinect_ws/build/py_pkg/install.log --single-version-externally-managed install_data
[13.815s] DEBUG:colcon.colcon_core.event_handler.log_command:Invoked command in '/home/leyla/Desktop/kinect_ws/src/py_pkg' returned '0': DEBUGINFOD_URLS=https://debuginfod.ubuntu.com PYTHONPATH=/home/leyla/Desktop/kinect_ws/build/py_pkg/prefix_override:/usr/lib/python3/dist-packages/colcon_core/task/python/colcon_distutils_commands:/home/leyla/Desktop/kinect_ws/install/py_pkg/lib/python3.12/site-packages:${PYTHONPATH} /usr/bin/python3 -W ignore:setup.py install is deprecated -W ignore:easy_install command is deprecated setup.py egg_info --egg-base ../../build/py_pkg build --build-base /home/leyla/Desktop/kinect_ws/build/py_pkg/build install --record /home/leyla/Desktop/kinect_ws/build/py_pkg/install.log --single-version-externally-managed install_data
[13.831s] Level 1:colcon.colcon_core.environment:checking '/home/leyla/Desktop/kinect_ws/install/py_pkg' for CMake module files
[13.835s] Level 1:colcon.colcon_core.environment:checking '/home/leyla/Desktop/kinect_ws/install/py_pkg' for CMake config files
[13.845s] Level 1:colcon.colcon_core.environment:checking '/home/leyla/Desktop/kinect_ws/install/py_pkg/lib'
[13.849s] Level 1:colcon.colcon_core.environment:checking '/home/leyla/Desktop/kinect_ws/install/py_pkg/bin'
[13.852s] Level 1:colcon.colcon_core.environment:checking '/home/leyla/Desktop/kinect_ws/install/py_pkg/lib/pkgconfig/py_pkg.pc'
[13.856s] Level 1:colcon.colcon_core.environment:checking '/home/leyla/Desktop/kinect_ws/install/py_pkg/lib/python3.12/site-packages'
[13.859s] Level 1:colcon.colcon_core.shell:create_environment_hook('py_pkg', 'pythonpath')
[13.863s] INFO:colcon.colcon_core.shell:Creating environment hook '/home/leyla/Desktop/kinect_ws/install/py_pkg/share/py_pkg/hook/pythonpath.ps1'
[13.871s] INFO:colcon.colcon_core.shell:Creating environment descriptor '/home/leyla/Desktop/kinect_ws/install/py_pkg/share/py_pkg/hook/pythonpath.dsv'
[13.877s] INFO:colcon.colcon_core.shell:Creating environment hook '/home/leyla/Desktop/kinect_ws/install/py_pkg/share/py_pkg/hook/pythonpath.sh'
[13.888s] Level 1:colcon.colcon_core.environment:checking '/home/leyla/Desktop/kinect_ws/install/py_pkg/bin'
[13.891s] Level 1:colcon.colcon_core.environment:create_environment_scripts_only(py_pkg)
[13.895s] INFO:colcon.colcon_core.shell:Creating package script '/home/leyla/Desktop/kinect_ws/install/py_pkg/share/py_pkg/package.ps1'
[13.904s] INFO:colcon.colcon_core.shell:Creating package descriptor '/home/leyla/Desktop/kinect_ws/install/py_pkg/share/py_pkg/package.dsv'
[13.912s] INFO:colcon.colcon_core.shell:Creating package script '/home/leyla/Desktop/kinect_ws/install/py_pkg/share/py_pkg/package.sh'
[13.921s] INFO:colcon.colcon_core.shell:Creating package script '/home/leyla/Desktop/kinect_ws/install/py_pkg/share/py_pkg/package.bash'
[13.987s] INFO:colcon.colcon_core.shell:Creating package script '/home/leyla/Desktop/kinect_ws/install/py_pkg/share/py_pkg/package.zsh'
[14.017s] Level 1:colcon.colcon_core.environment:create_file_with_runtime_dependencies(/home/leyla/Desktop/kinect_ws/install/py_pkg/share/colcon-core/packages/py_pkg)
[14.022s] DEBUG:colcon.colcon_parallel_executor.executor.parallel:closing loop
[14.028s] DEBUG:colcon.colcon_parallel_executor.executor.parallel:loop closed
[14.030s] DEBUG:colcon.colcon_parallel_executor.executor.parallel:run_until_complete finished with '0'
[14.032s] DEBUG:colcon.colcon_core.event_reactor:joining thread
[14.085s] INFO:colcon.colcon_core.plugin_system:Skipping extension 'colcon_notification.desktop_notification.terminal_notifier': Not used on non-Darwin systems
[14.086s] INFO:colcon.colcon_core.plugin_system:Skipping extension 'colcon_notification.desktop_notification.win32': Not used on non-Windows systems
[14.088s] INFO:colcon.colcon_notification.desktop_notification:Sending desktop notification using 'notify2'
[14.307s] DEBUG:colcon.colcon_core.event_reactor:joined thread
[14.312s] INFO:colcon.colcon_core.shell:Creating prefix script '/home/leyla/Desktop/kinect_ws/install/local_setup.ps1'
[14.324s] INFO:colcon.colcon_core.shell:Creating prefix util module '/home/leyla/Desktop/kinect_ws/install/_local_setup_util_ps1.py'
[14.345s] INFO:colcon.colcon_core.shell:Creating prefix chain script '/home/leyla/Desktop/kinect_ws/install/setup.ps1'
[14.362s] INFO:colcon.colcon_core.shell:Creating prefix script '/home/leyla/Desktop/kinect_ws/install/local_setup.sh'
[14.395s] INFO:colcon.colcon_core.shell:Creating prefix util module '/home/leyla/Desktop/kinect_ws/install/_local_setup_util_sh.py'
[14.403s] INFO:colcon.colcon_core.shell:Creating prefix chain script '/home/leyla/Desktop/kinect_ws/install/setup.sh'
[14.409s] INFO:colcon.colcon_core.shell:Creating prefix script '/home/leyla/Desktop/kinect_ws/install/local_setup.bash'
[14.414s] INFO:colcon.colcon_core.shell:Creating prefix chain script '/home/leyla/Desktop/kinect_ws/install/setup.bash'
[14.423s] INFO:colcon.colcon_core.shell:Creating prefix script '/home/leyla/Desktop/kinect_ws/install/local_setup.zsh'
[14.427s] INFO:colcon.colcon_core.shell:Creating prefix chain script '/home/leyla/Desktop/kinect_ws/install/setup.zsh'
