[3.074s] Invoking command in '/home/leyla/Desktop/kinect_ws/src/py_pkg': DEBUGINFOD_URLS=https://debuginfod.ubuntu.com PYTHONPATH=/home/leyla/Desktop/kinect_ws/build/py_pkg/prefix_override:/usr/lib/python3/dist-packages/colcon_core/task/python/colcon_distutils_commands:/home/leyla/Desktop/kinect_ws/install/py_pkg/lib/python3.12/site-packages:${PYTHONPATH} /usr/bin/python3 -W ignore:setup.py install is deprecated -W ignore:easy_install command is deprecated setup.py egg_info --egg-base ../../build/py_pkg build --build-base /home/leyla/Desktop/kinect_ws/build/py_pkg/build install --record /home/leyla/Desktop/kinect_ws/build/py_pkg/install.log --single-version-externally-managed install_data
[4.154s] running egg_info
[4.224s] writing ../../build/py_pkg/py_pkg.egg-info/PKG-INFO
[4.226s] writing dependency_links to ../../build/py_pkg/py_pkg.egg-info/dependency_links.txt
[4.227s] writing entry points to ../../build/py_pkg/py_pkg.egg-info/entry_points.txt
[4.228s] writing requirements to ../../build/py_pkg/py_pkg.egg-info/requires.txt
[4.228s] writing top-level names to ../../build/py_pkg/py_pkg.egg-info/top_level.txt
[4.327s] reading manifest file '../../build/py_pkg/py_pkg.egg-info/SOURCES.txt'
[4.337s] adding license file 'LICENSE'
[4.339s] writing manifest file '../../build/py_pkg/py_pkg.egg-info/SOURCES.txt'
[4.418s] running build
[4.418s] running build_py
[4.418s] copying py_pkg/kinect_tf_pub.py -> /home/leyla/Desktop/kinect_ws/build/py_pkg/build/lib/py_pkg
[4.426s] running install
[4.434s] running install_lib
[4.493s] copying /home/leyla/Desktop/kinect_ws/build/py_pkg/build/lib/py_pkg/kinect_tf_pub.py -> /home/leyla/Desktop/kinect_ws/install/py_pkg/lib/python3.12/site-packages/py_pkg
[4.493s] byte-compiling /home/leyla/Desktop/kinect_ws/install/py_pkg/lib/python3.12/site-packages/py_pkg/kinect_tf_pub.py to kinect_tf_pub.cpython-312.pyc
[4.501s] running install_data
[4.502s] running install_egg_info
[4.543s] removing '/home/leyla/Desktop/kinect_ws/install/py_pkg/lib/python3.12/site-packages/py_pkg-0.0.0-py3.12.egg-info' (and everything under it)
[4.546s] Copying ../../build/py_pkg/py_pkg.egg-info to /home/leyla/Desktop/kinect_ws/install/py_pkg/lib/python3.12/site-packages/py_pkg-0.0.0-py3.12.egg-info
[4.546s] running install_scripts
[4.951s] Installing d_aruco script to /home/leyla/Desktop/kinect_ws/install/py_pkg/lib/py_pkg
[4.953s] Installing d_vel script to /home/leyla/Desktop/kinect_ws/install/py_pkg/lib/py_pkg
[4.954s] Installing kinect_tf_pub script to /home/leyla/Desktop/kinect_ws/install/py_pkg/lib/py_pkg
[4.955s] Installing lidar script to /home/leyla/Desktop/kinect_ws/install/py_pkg/lib/py_pkg
[4.957s] Installing pub script to /home/leyla/Desktop/kinect_ws/install/py_pkg/lib/py_pkg
[4.964s] Installing servo script to /home/leyla/Desktop/kinect_ws/install/py_pkg/lib/py_pkg
[4.984s] writing list of installed files to '/home/leyla/Desktop/kinect_ws/build/py_pkg/install.log'
[5.218s] Invoked command in '/home/leyla/Desktop/kinect_ws/src/py_pkg' returned '0': DEBUGINFOD_URLS=https://debuginfod.ubuntu.com PYTHONPATH=/home/leyla/Desktop/kinect_ws/build/py_pkg/prefix_override:/usr/lib/python3/dist-packages/colcon_core/task/python/colcon_distutils_commands:/home/leyla/Desktop/kinect_ws/install/py_pkg/lib/python3.12/site-packages:${PYTHONPATH} /usr/bin/python3 -W ignore:setup.py install is deprecated -W ignore:easy_install command is deprecated setup.py egg_info --egg-base ../../build/py_pkg build --build-base /home/leyla/Desktop/kinect_ws/build/py_pkg/build install --record /home/leyla/Desktop/kinect_ws/build/py_pkg/install.log --single-version-externally-managed install_data
