[3.092s] Invoking command in '/home/leyla/Desktop/kinect_ws/src/py_pkg': DEBUGINFOD_URLS=https://debuginfod.ubuntu.com PYTHONPATH=/home/leyla/Desktop/kinect_ws/build/py_pkg/prefix_override:/usr/lib/python3/dist-packages/colcon_core/task/python/colcon_distutils_commands:/home/leyla/Desktop/kinect_ws/install/py_pkg/lib/python3.12/site-packages:${PYTHONPATH} /usr/bin/python3 -W ignore:setup.py install is deprecated -W ignore:easy_install command is deprecated setup.py egg_info --egg-base ../../build/py_pkg build --build-base /home/leyla/Desktop/kinect_ws/build/py_pkg/build install --record /home/leyla/Desktop/kinect_ws/build/py_pkg/install.log --single-version-externally-managed install_data
[3.952s] running egg_info
[4.015s] writing ../../build/py_pkg/py_pkg.egg-info/PKG-INFO
[4.019s] writing dependency_links to ../../build/py_pkg/py_pkg.egg-info/dependency_links.txt
[4.020s] writing entry points to ../../build/py_pkg/py_pkg.egg-info/entry_points.txt
[4.021s] writing requirements to ../../build/py_pkg/py_pkg.egg-info/requires.txt
[4.024s] writing top-level names to ../../build/py_pkg/py_pkg.egg-info/top_level.txt
[4.201s] reading manifest file '../../build/py_pkg/py_pkg.egg-info/SOURCES.txt'
[4.204s] adding license file 'LICENSE'
[4.209s] writing manifest file '../../build/py_pkg/py_pkg.egg-info/SOURCES.txt'
[4.209s] running build
[4.209s] running build_py
[4.210s] copying py_pkg/kinect_tf_pub.py -> /home/leyla/Desktop/kinect_ws/build/py_pkg/build/lib/py_pkg
[4.215s] running install
[4.240s] running install_lib
[4.327s] copying /home/leyla/Desktop/kinect_ws/build/py_pkg/build/lib/py_pkg/kinect_tf_pub.py -> /home/leyla/Desktop/kinect_ws/install/py_pkg/lib/python3.12/site-packages/py_pkg
[4.336s] byte-compiling /home/leyla/Desktop/kinect_ws/install/py_pkg/lib/python3.12/site-packages/py_pkg/kinect_tf_pub.py to kinect_tf_pub.cpython-312.pyc
[4.338s] running install_data
[4.338s] running install_egg_info
[4.426s] removing '/home/leyla/Desktop/kinect_ws/install/py_pkg/lib/python3.12/site-packages/py_pkg-0.0.0-py3.12.egg-info' (and everything under it)
[4.432s] Copying ../../build/py_pkg/py_pkg.egg-info to /home/leyla/Desktop/kinect_ws/install/py_pkg/lib/python3.12/site-packages/py_pkg-0.0.0-py3.12.egg-info
[4.439s] running install_scripts
[4.846s] Installing d_aruco script to /home/leyla/Desktop/kinect_ws/install/py_pkg/lib/py_pkg
[4.847s] Installing d_vel script to /home/leyla/Desktop/kinect_ws/install/py_pkg/lib/py_pkg
[4.848s] Installing kinect_tf_pub script to /home/leyla/Desktop/kinect_ws/install/py_pkg/lib/py_pkg
[4.848s] Installing lidar script to /home/leyla/Desktop/kinect_ws/install/py_pkg/lib/py_pkg
[4.851s] Installing pub script to /home/leyla/Desktop/kinect_ws/install/py_pkg/lib/py_pkg
[4.852s] Installing servo script to /home/leyla/Desktop/kinect_ws/install/py_pkg/lib/py_pkg
[4.855s] writing list of installed files to '/home/leyla/Desktop/kinect_ws/build/py_pkg/install.log'
[5.047s] Invoked command in '/home/leyla/Desktop/kinect_ws/src/py_pkg' returned '0': DEBUGINFOD_URLS=https://debuginfod.ubuntu.com PYTHONPATH=/home/leyla/Desktop/kinect_ws/build/py_pkg/prefix_override:/usr/lib/python3/dist-packages/colcon_core/task/python/colcon_distutils_commands:/home/leyla/Desktop/kinect_ws/install/py_pkg/lib/python3.12/site-packages:${PYTHONPATH} /usr/bin/python3 -W ignore:setup.py install is deprecated -W ignore:easy_install command is deprecated setup.py egg_info --egg-base ../../build/py_pkg build --build-base /home/leyla/Desktop/kinect_ws/build/py_pkg/build install --record /home/leyla/Desktop/kinect_ws/build/py_pkg/install.log --single-version-externally-managed install_data
