[1.170s] Invoking command in '/home/leyla/Documents/mpu_ws/src/imu_publisher': DEBUGINFOD_URLS=https://debuginfod.ubuntu.com PYTHONPATH=/home/leyla/Documents/mpu_ws/build/imu_publisher/prefix_override:/usr/lib/python3/dist-packages/colcon_core/task/python/colcon_distutils_commands:/home/leyla/Documents/mpu_ws/install/imu_publisher/lib/python3.12/site-packages:${PYTHONPATH} /usr/bin/python3 -W ignore:setup.py install is deprecated -W ignore:easy_install command is deprecated setup.py egg_info --egg-base ../../build/imu_publisher build --build-base /home/leyla/Documents/mpu_ws/build/imu_publisher/build install --record /home/leyla/Documents/mpu_ws/build/imu_publisher/install.log --single-version-externally-managed install_data
[1.500s] running egg_info
[1.522s] writing ../../build/imu_publisher/imu_publisher.egg-info/PKG-INFO
[1.523s] writing dependency_links to ../../build/imu_publisher/imu_publisher.egg-info/dependency_links.txt
[1.523s] writing entry points to ../../build/imu_publisher/imu_publisher.egg-info/entry_points.txt
[1.523s] writing requirements to ../../build/imu_publisher/imu_publisher.egg-info/requires.txt
[1.524s] writing top-level names to ../../build/imu_publisher/imu_publisher.egg-info/top_level.txt
[1.569s] reading manifest file '../../build/imu_publisher/imu_publisher.egg-info/SOURCES.txt'
[1.570s] writing manifest file '../../build/imu_publisher/imu_publisher.egg-info/SOURCES.txt'
[1.571s] running build
[1.571s] running build_py
[1.571s] copying imu_publisher/tf.py -> /home/leyla/Documents/mpu_ws/build/imu_publisher/build/lib/imu_publisher
[1.571s] copying imu_publisher/IMU.py -> /home/leyla/Documents/mpu_ws/build/imu_publisher/build/lib/imu_publisher
[1.572s] running install
[1.581s] running install_lib
[1.603s] copying /home/leyla/Documents/mpu_ws/build/imu_publisher/build/lib/imu_publisher/tf.py -> /home/leyla/Documents/mpu_ws/install/imu_publisher/lib/python3.12/site-packages/imu_publisher
[1.603s] copying /home/leyla/Documents/mpu_ws/build/imu_publisher/build/lib/imu_publisher/IMU.py -> /home/leyla/Documents/mpu_ws/install/imu_publisher/lib/python3.12/site-packages/imu_publisher
[1.604s] byte-compiling /home/leyla/Documents/mpu_ws/install/imu_publisher/lib/python3.12/site-packages/imu_publisher/tf.py to tf.cpython-312.pyc
[1.605s] byte-compiling /home/leyla/Documents/mpu_ws/install/imu_publisher/lib/python3.12/site-packages/imu_publisher/IMU.py to IMU.cpython-312.pyc
[1.607s] running install_data
[1.607s] running install_egg_info
[1.633s] removing '/home/leyla/Documents/mpu_ws/install/imu_publisher/lib/python3.12/site-packages/imu_publisher-0.0.0-py3.12.egg-info' (and everything under it)
[1.640s] Copying ../../build/imu_publisher/imu_publisher.egg-info to /home/leyla/Documents/mpu_ws/install/imu_publisher/lib/python3.12/site-packages/imu_publisher-0.0.0-py3.12.egg-info
[1.640s] running install_scripts
[1.798s] Installing imu script to /home/leyla/Documents/mpu_ws/install/imu_publisher/lib/imu_publisher
[1.798s] Installing tf script to /home/leyla/Documents/mpu_ws/install/imu_publisher/lib/imu_publisher
[1.799s] writing list of installed files to '/home/leyla/Documents/mpu_ws/build/imu_publisher/install.log'
[1.879s] Invoked command in '/home/leyla/Documents/mpu_ws/src/imu_publisher' returned '0': DEBUGINFOD_URLS=https://debuginfod.ubuntu.com PYTHONPATH=/home/leyla/Documents/mpu_ws/build/imu_publisher/prefix_override:/usr/lib/python3/dist-packages/colcon_core/task/python/colcon_distutils_commands:/home/leyla/Documents/mpu_ws/install/imu_publisher/lib/python3.12/site-packages:${PYTHONPATH} /usr/bin/python3 -W ignore:setup.py install is deprecated -W ignore:easy_install command is deprecated setup.py egg_info --egg-base ../../build/imu_publisher build --build-base /home/leyla/Documents/mpu_ws/build/imu_publisher/build install --record /home/leyla/Documents/mpu_ws/build/imu_publisher/install.log --single-version-externally-managed install_data
