[1.346s] Invoking command in '/home/leyla/Desktop/mpu_ws/src/imu_publisher': DEBUGINFOD_URLS=https://debuginfod.ubuntu.com PYTHONPATH=/home/leyla/Desktop/mpu_ws/build/imu_publisher/prefix_override:/usr/lib/python3/dist-packages/colcon_core/task/python/colcon_distutils_commands:/home/leyla/Desktop/mpu_ws/install/imu_publisher/lib/python3.12/site-packages:${PYTHONPATH} /usr/bin/python3 -W ignore:setup.py install is deprecated -W ignore:easy_install command is deprecated setup.py egg_info --egg-base ../../build/imu_publisher build --build-base /home/leyla/Desktop/mpu_ws/build/imu_publisher/build install --record /home/leyla/Desktop/mpu_ws/build/imu_publisher/install.log --single-version-externally-managed install_data
[1.712s] running egg_info
[1.738s] writing ../../build/imu_publisher/imu_publisher.egg-info/PKG-INFO
[1.738s] writing dependency_links to ../../build/imu_publisher/imu_publisher.egg-info/dependency_links.txt
[1.739s] writing entry points to ../../build/imu_publisher/imu_publisher.egg-info/entry_points.txt
[1.739s] writing requirements to ../../build/imu_publisher/imu_publisher.egg-info/requires.txt
[1.740s] writing top-level names to ../../build/imu_publisher/imu_publisher.egg-info/top_level.txt
[1.793s] reading manifest file '../../build/imu_publisher/imu_publisher.egg-info/SOURCES.txt'
[1.795s] writing manifest file '../../build/imu_publisher/imu_publisher.egg-info/SOURCES.txt'
[1.795s] running build
[1.795s] running build_py
[1.796s] copying imu_publisher/IMU.py -> /home/leyla/Desktop/mpu_ws/build/imu_publisher/build/lib/imu_publisher
[1.797s] running install
[1.818s] running install_lib
[1.847s] copying /home/leyla/Desktop/mpu_ws/build/imu_publisher/build/lib/imu_publisher/IMU.py -> /home/leyla/Desktop/mpu_ws/install/imu_publisher/lib/python3.12/site-packages/imu_publisher
[1.868s] byte-compiling /home/leyla/Desktop/mpu_ws/install/imu_publisher/lib/python3.12/site-packages/imu_publisher/IMU.py to IMU.cpython-312.pyc
[1.871s] running install_data
[1.871s] running install_egg_info
[1.912s] removing '/home/leyla/Desktop/mpu_ws/install/imu_publisher/lib/python3.12/site-packages/imu_publisher-0.0.0-py3.12.egg-info' (and everything under it)
[1.913s] Copying ../../build/imu_publisher/imu_publisher.egg-info to /home/leyla/Desktop/mpu_ws/install/imu_publisher/lib/python3.12/site-packages/imu_publisher-0.0.0-py3.12.egg-info
[1.924s] running install_scripts
[2.181s] Installing imu script to /home/leyla/Desktop/mpu_ws/install/imu_publisher/lib/imu_publisher
[2.181s] Installing tf script to /home/leyla/Desktop/mpu_ws/install/imu_publisher/lib/imu_publisher
[2.183s] writing list of installed files to '/home/leyla/Desktop/mpu_ws/build/imu_publisher/install.log'
[2.269s] Invoked command in '/home/leyla/Desktop/mpu_ws/src/imu_publisher' returned '0': DEBUGINFOD_URLS=https://debuginfod.ubuntu.com PYTHONPATH=/home/leyla/Desktop/mpu_ws/build/imu_publisher/prefix_override:/usr/lib/python3/dist-packages/colcon_core/task/python/colcon_distutils_commands:/home/leyla/Desktop/mpu_ws/install/imu_publisher/lib/python3.12/site-packages:${PYTHONPATH} /usr/bin/python3 -W ignore:setup.py install is deprecated -W ignore:easy_install command is deprecated setup.py egg_info --egg-base ../../build/imu_publisher build --build-base /home/leyla/Desktop/mpu_ws/build/imu_publisher/build install --record /home/leyla/Desktop/mpu_ws/build/imu_publisher/install.log --single-version-externally-managed install_data
