running egg_info
writing ../../build/imu_publisher/imu_publisher.egg-info/PKG-INFO
writing dependency_links to ../../build/imu_publisher/imu_publisher.egg-info/dependency_links.txt
writing entry points to ../../build/imu_publisher/imu_publisher.egg-info/entry_points.txt
writing requirements to ../../build/imu_publisher/imu_publisher.egg-info/requires.txt
writing top-level names to ../../build/imu_publisher/imu_publisher.egg-info/top_level.txt
reading manifest file '../../build/imu_publisher/imu_publisher.egg-info/SOURCES.txt'
writing manifest file '../../build/imu_publisher/imu_publisher.egg-info/SOURCES.txt'
running build
running build_py
copying imu_publisher/IMU.py -> /home/leyla/Documents/mpu_ws/build/imu_publisher/build/lib/imu_publisher
running install
running install_lib
copying /home/leyla/Documents/mpu_ws/build/imu_publisher/build/lib/imu_publisher/IMU.py -> /home/leyla/Documents/mpu_ws/install/imu_publisher/lib/python3.12/site-packages/imu_publisher
byte-compiling /home/leyla/Documents/mpu_ws/install/imu_publisher/lib/python3.12/site-packages/imu_publisher/IMU.py to IMU.cpython-312.pyc
running install_data
copying package.xml -> /home/leyla/Documents/mpu_ws/install/imu_publisher/share/imu_publisher
running install_egg_info
removing '/home/leyla/Documents/mpu_ws/install/imu_publisher/lib/python3.12/site-packages/imu_publisher-0.0.0-py3.12.egg-info' (and everything under it)
Copying ../../build/imu_publisher/imu_publisher.egg-info to /home/leyla/Documents/mpu_ws/install/imu_publisher/lib/python3.12/site-packages/imu_publisher-0.0.0-py3.12.egg-info
running install_scripts
Installing imu_node script to /home/leyla/Documents/mpu_ws/install/imu_publisher/lib/imu_publisher
writing list of installed files to '/home/leyla/Documents/mpu_ws/build/imu_publisher/install.log'
