[1.792s] Invoking command in '/home/leyla/Desktop/kinect_ws/src/py_pkg': DEBUGINFOD_URLS=https://debuginfod.ubuntu.com PYTHONPATH=/home/leyla/Desktop/kinect_ws/build/py_pkg/prefix_override:/usr/lib/python3/dist-packages/colcon_core/task/python/colcon_distutils_commands:/home/leyla/Desktop/kinect_ws/install/py_pkg/lib/python3.12/site-packages:${PYTHONPATH} /usr/bin/python3 -W ignore:setup.py install is deprecated -W ignore:easy_install command is deprecated setup.py egg_info --egg-base ../../build/py_pkg build --build-base /home/leyla/Desktop/kinect_ws/build/py_pkg/build install --record /home/leyla/Desktop/kinect_ws/build/py_pkg/install.log --single-version-externally-managed install_data
[2.323s] running egg_info
[2.366s] writing ../../build/py_pkg/py_pkg.egg-info/PKG-INFO
[2.367s] writing dependency_links to ../../build/py_pkg/py_pkg.egg-info/dependency_links.txt
[2.369s] writing entry points to ../../build/py_pkg/py_pkg.egg-info/entry_points.txt
[2.370s] writing requirements to ../../build/py_pkg/py_pkg.egg-info/requires.txt
[2.370s] writing top-level names to ../../build/py_pkg/py_pkg.egg-info/top_level.txt
[2.448s] reading manifest file '../../build/py_pkg/py_pkg.egg-info/SOURCES.txt'
[2.451s] adding license file 'LICENSE'
[2.452s] writing manifest file '../../build/py_pkg/py_pkg.egg-info/SOURCES.txt'
[2.453s] running build
[2.453s] running build_py
[2.454s] copying py_pkg/d_vel.py -> /home/leyla/Desktop/kinect_ws/build/py_pkg/build/lib/py_pkg
[2.454s] running install
[2.466s] running install_lib
[2.497s] copying /home/leyla/Desktop/kinect_ws/build/py_pkg/build/lib/py_pkg/d_vel.py -> /home/leyla/Desktop/kinect_ws/install/py_pkg/lib/python3.12/site-packages/py_pkg
[2.498s] byte-compiling /home/leyla/Desktop/kinect_ws/install/py_pkg/lib/python3.12/site-packages/py_pkg/d_vel.py to d_vel.cpython-312.pyc
[2.500s] running install_data
[2.500s] running install_egg_info
[2.543s] removing '/home/leyla/Desktop/kinect_ws/install/py_pkg/lib/python3.12/site-packages/py_pkg-0.0.0-py3.12.egg-info' (and everything under it)
[2.544s] Copying ../../build/py_pkg/py_pkg.egg-info to /home/leyla/Desktop/kinect_ws/install/py_pkg/lib/python3.12/site-packages/py_pkg-0.0.0-py3.12.egg-info
[2.545s] running install_scripts
[2.793s] Installing base_lidar script to /home/leyla/Desktop/kinect_ws/install/py_pkg/lib/py_pkg
[2.794s] Installing d_aruco script to /home/leyla/Desktop/kinect_ws/install/py_pkg/lib/py_pkg
[2.795s] Installing d_vel script to /home/leyla/Desktop/kinect_ws/install/py_pkg/lib/py_pkg
[2.796s] Installing kinect_tf_pub script to /home/leyla/Desktop/kinect_ws/install/py_pkg/lib/py_pkg
[2.797s] Installing lidar script to /home/leyla/Desktop/kinect_ws/install/py_pkg/lib/py_pkg
[2.797s] Installing map_odom script to /home/leyla/Desktop/kinect_ws/install/py_pkg/lib/py_pkg
[2.798s] Installing pub script to /home/leyla/Desktop/kinect_ws/install/py_pkg/lib/py_pkg
[2.799s] Installing servo script to /home/leyla/Desktop/kinect_ws/install/py_pkg/lib/py_pkg
[2.800s] Installing tf script to /home/leyla/Desktop/kinect_ws/install/py_pkg/lib/py_pkg
[2.801s] Installing trans script to /home/leyla/Desktop/kinect_ws/install/py_pkg/lib/py_pkg
[2.803s] writing list of installed files to '/home/leyla/Desktop/kinect_ws/build/py_pkg/install.log'
[2.916s] Invoked command in '/home/leyla/Desktop/kinect_ws/src/py_pkg' returned '0': DEBUGINFOD_URLS=https://debuginfod.ubuntu.com PYTHONPATH=/home/leyla/Desktop/kinect_ws/build/py_pkg/prefix_override:/usr/lib/python3/dist-packages/colcon_core/task/python/colcon_distutils_commands:/home/leyla/Desktop/kinect_ws/install/py_pkg/lib/python3.12/site-packages:${PYTHONPATH} /usr/bin/python3 -W ignore:setup.py install is deprecated -W ignore:easy_install command is deprecated setup.py egg_info --egg-base ../../build/py_pkg build --build-base /home/leyla/Desktop/kinect_ws/build/py_pkg/build install --record /home/leyla/Desktop/kinect_ws/build/py_pkg/install.log --single-version-externally-managed install_data
