[1.516s] Invoking command in '/home/leyla/Documents/mpu_ws/src/imu_publisher': DEBUGINFOD_URLS=https://debuginfod.ubuntu.com PYTHONPATH=/home/leyla/Documents/mpu_ws/build/imu_publisher/prefix_override:/usr/lib/python3/dist-packages/colcon_core/task/python/colcon_distutils_commands:/home/leyla/Documents/mpu_ws/install/imu_publisher/lib/python3.12/site-packages:${PYTHONPATH} /usr/bin/python3 -W ignore:setup.py install is deprecated -W ignore:easy_install command is deprecated setup.py egg_info --egg-base ../../build/imu_publisher build --build-base /home/leyla/Documents/mpu_ws/build/imu_publisher/build install --record /home/leyla/Documents/mpu_ws/build/imu_publisher/install.log --single-version-externally-managed install_data
[1.843s] running egg_info
[1.844s] creating ../../build/imu_publisher/imu_publisher.egg-info
[1.864s] writing ../../build/imu_publisher/imu_publisher.egg-info/PKG-INFO
[1.864s] writing dependency_links to ../../build/imu_publisher/imu_publisher.egg-info/dependency_links.txt
[1.864s] writing entry points to ../../build/imu_publisher/imu_publisher.egg-info/entry_points.txt
[1.865s] writing requirements to ../../build/imu_publisher/imu_publisher.egg-info/requires.txt
[1.865s] writing top-level names to ../../build/imu_publisher/imu_publisher.egg-info/top_level.txt
[1.865s] writing manifest file '../../build/imu_publisher/imu_publisher.egg-info/SOURCES.txt'
[1.910s] reading manifest file '../../build/imu_publisher/imu_publisher.egg-info/SOURCES.txt'
[1.910s] writing manifest file '../../build/imu_publisher/imu_publisher.egg-info/SOURCES.txt'
[1.911s] running build
[1.911s] running build_py
[1.911s] creating /home/leyla/Documents/mpu_ws/build/imu_publisher/build
[1.911s] creating /home/leyla/Documents/mpu_ws/build/imu_publisher/build/lib
[1.911s] creating /home/leyla/Documents/mpu_ws/build/imu_publisher/build/lib/imu_publisher
[1.911s] copying imu_publisher/IMU.py -> /home/leyla/Documents/mpu_ws/build/imu_publisher/build/lib/imu_publisher
[1.915s] copying imu_publisher/__init__.py -> /home/leyla/Documents/mpu_ws/build/imu_publisher/build/lib/imu_publisher
[1.915s] running install
[1.922s] running install_lib
[1.944s] creating /home/leyla/Documents/mpu_ws/install/imu_publisher/lib/python3.12/site-packages/imu_publisher
[1.944s] copying /home/leyla/Documents/mpu_ws/build/imu_publisher/build/lib/imu_publisher/IMU.py -> /home/leyla/Documents/mpu_ws/install/imu_publisher/lib/python3.12/site-packages/imu_publisher
[1.944s] copying /home/leyla/Documents/mpu_ws/build/imu_publisher/build/lib/imu_publisher/__init__.py -> /home/leyla/Documents/mpu_ws/install/imu_publisher/lib/python3.12/site-packages/imu_publisher
[1.945s] byte-compiling /home/leyla/Documents/mpu_ws/install/imu_publisher/lib/python3.12/site-packages/imu_publisher/IMU.py to IMU.cpython-312.pyc
[1.946s] byte-compiling /home/leyla/Documents/mpu_ws/install/imu_publisher/lib/python3.12/site-packages/imu_publisher/__init__.py to __init__.cpython-312.pyc
[1.946s] running install_data
[1.946s] creating /home/leyla/Documents/mpu_ws/install/imu_publisher/share/ament_index
[1.947s] creating /home/leyla/Documents/mpu_ws/install/imu_publisher/share/ament_index/resource_index
[1.947s] creating /home/leyla/Documents/mpu_ws/install/imu_publisher/share/ament_index/resource_index/packages
[1.947s] copying resource/imu_publisher -> /home/leyla/Documents/mpu_ws/install/imu_publisher/share/ament_index/resource_index/packages
[1.947s] copying package.xml -> /home/leyla/Documents/mpu_ws/install/imu_publisher/share/imu_publisher
[1.947s] running install_egg_info
[1.973s] Copying ../../build/imu_publisher/imu_publisher.egg-info to /home/leyla/Documents/mpu_ws/install/imu_publisher/lib/python3.12/site-packages/imu_publisher-0.0.0-py3.12.egg-info
[1.975s] running install_scripts
[2.128s] Installing imu_node script to /home/leyla/Documents/mpu_ws/install/imu_publisher/lib/imu_publisher
[2.129s] writing list of installed files to '/home/leyla/Documents/mpu_ws/build/imu_publisher/install.log'
[2.207s] Invoked command in '/home/leyla/Documents/mpu_ws/src/imu_publisher' returned '0': DEBUGINFOD_URLS=https://debuginfod.ubuntu.com PYTHONPATH=/home/leyla/Documents/mpu_ws/build/imu_publisher/prefix_override:/usr/lib/python3/dist-packages/colcon_core/task/python/colcon_distutils_commands:/home/leyla/Documents/mpu_ws/install/imu_publisher/lib/python3.12/site-packages:${PYTHONPATH} /usr/bin/python3 -W ignore:setup.py install is deprecated -W ignore:easy_install command is deprecated setup.py egg_info --egg-base ../../build/imu_publisher build --build-base /home/leyla/Documents/mpu_ws/build/imu_publisher/build install --record /home/leyla/Documents/mpu_ws/build/imu_publisher/install.log --single-version-externally-managed install_data
