[2.270s] Invoking command in '/home/leyla/Desktop/kinect_ws/src/py_pkg': DEBUGINFOD_URLS=https://debuginfod.ubuntu.com PYTHONPATH=/home/leyla/Desktop/kinect_ws/build/py_pkg/prefix_override:/usr/lib/python3/dist-packages/colcon_core/task/python/colcon_distutils_commands:/home/leyla/Desktop/kinect_ws/install/py_pkg/lib/python3.12/site-packages:${PYTHONPATH} /usr/bin/python3 -W ignore:setup.py install is deprecated -W ignore:easy_install command is deprecated setup.py egg_info --egg-base ../../build/py_pkg build --build-base /home/leyla/Desktop/kinect_ws/build/py_pkg/build install --record /home/leyla/Desktop/kinect_ws/build/py_pkg/install.log --single-version-externally-managed install_data
[2.903s] running egg_info
[2.952s] writing ../../build/py_pkg/py_pkg.egg-info/PKG-INFO
[2.952s] writing dependency_links to ../../build/py_pkg/py_pkg.egg-info/dependency_links.txt
[2.953s] writing entry points to ../../build/py_pkg/py_pkg.egg-info/entry_points.txt
[2.953s] writing requirements to ../../build/py_pkg/py_pkg.egg-info/requires.txt
[2.953s] writing top-level names to ../../build/py_pkg/py_pkg.egg-info/top_level.txt
[3.056s] reading manifest file '../../build/py_pkg/py_pkg.egg-info/SOURCES.txt'
[3.060s] adding license file 'LICENSE'
[3.060s] writing manifest file '../../build/py_pkg/py_pkg.egg-info/SOURCES.txt'
[3.067s] running build
[3.067s] running build_py
[3.067s] copying py_pkg/trans.py -> /home/leyla/Desktop/kinect_ws/build/py_pkg/build/lib/py_pkg
[3.069s] running install
[3.099s] running install_lib
[3.131s] copying /home/leyla/Desktop/kinect_ws/build/py_pkg/build/lib/py_pkg/trans.py -> /home/leyla/Desktop/kinect_ws/install/py_pkg/lib/python3.12/site-packages/py_pkg
[3.134s] byte-compiling /home/leyla/Desktop/kinect_ws/install/py_pkg/lib/python3.12/site-packages/py_pkg/trans.py to trans.cpython-312.pyc
[3.159s] running install_data
[3.159s] running install_egg_info
[3.183s] removing '/home/leyla/Desktop/kinect_ws/install/py_pkg/lib/python3.12/site-packages/py_pkg-0.0.0-py3.12.egg-info' (and everything under it)
[3.187s] Copying ../../build/py_pkg/py_pkg.egg-info to /home/leyla/Desktop/kinect_ws/install/py_pkg/lib/python3.12/site-packages/py_pkg-0.0.0-py3.12.egg-info
[3.191s] running install_scripts
[3.540s] Installing base_lidar script to /home/leyla/Desktop/kinect_ws/install/py_pkg/lib/py_pkg
[3.540s] Installing d_aruco script to /home/leyla/Desktop/kinect_ws/install/py_pkg/lib/py_pkg
[3.542s] Installing d_vel script to /home/leyla/Desktop/kinect_ws/install/py_pkg/lib/py_pkg
[3.543s] Installing kinect_tf_pub script to /home/leyla/Desktop/kinect_ws/install/py_pkg/lib/py_pkg
[3.543s] Installing lidar script to /home/leyla/Desktop/kinect_ws/install/py_pkg/lib/py_pkg
[3.545s] Installing map_odom script to /home/leyla/Desktop/kinect_ws/install/py_pkg/lib/py_pkg
[3.545s] Installing pub script to /home/leyla/Desktop/kinect_ws/install/py_pkg/lib/py_pkg
[3.547s] Installing servo script to /home/leyla/Desktop/kinect_ws/install/py_pkg/lib/py_pkg
[3.548s] Installing tf script to /home/leyla/Desktop/kinect_ws/install/py_pkg/lib/py_pkg
[3.548s] Installing trans script to /home/leyla/Desktop/kinect_ws/install/py_pkg/lib/py_pkg
[3.550s] writing list of installed files to '/home/leyla/Desktop/kinect_ws/build/py_pkg/install.log'
[3.710s] Invoked command in '/home/leyla/Desktop/kinect_ws/src/py_pkg' returned '0': DEBUGINFOD_URLS=https://debuginfod.ubuntu.com PYTHONPATH=/home/leyla/Desktop/kinect_ws/build/py_pkg/prefix_override:/usr/lib/python3/dist-packages/colcon_core/task/python/colcon_distutils_commands:/home/leyla/Desktop/kinect_ws/install/py_pkg/lib/python3.12/site-packages:${PYTHONPATH} /usr/bin/python3 -W ignore:setup.py install is deprecated -W ignore:easy_install command is deprecated setup.py egg_info --egg-base ../../build/py_pkg build --build-base /home/leyla/Desktop/kinect_ws/build/py_pkg/build install --record /home/leyla/Desktop/kinect_ws/build/py_pkg/install.log --single-version-externally-managed install_data
