[1.800s] Invoking command in '/home/leyla/Desktop/kinect_ws/src/py_pkg': DEBUGINFOD_URLS=https://debuginfod.ubuntu.com PYTHONPATH=/home/leyla/Desktop/kinect_ws/build/py_pkg/prefix_override:/usr/lib/python3/dist-packages/colcon_core/task/python/colcon_distutils_commands:/home/leyla/Desktop/kinect_ws/install/py_pkg/lib/python3.12/site-packages:${PYTHONPATH} /usr/bin/python3 -W ignore:setup.py install is deprecated -W ignore:easy_install command is deprecated setup.py egg_info --egg-base ../../build/py_pkg build --build-base /home/leyla/Desktop/kinect_ws/build/py_pkg/build install --record /home/leyla/Desktop/kinect_ws/build/py_pkg/install.log --single-version-externally-managed install_data
[2.165s] running egg_info
[2.190s] writing ../../build/py_pkg/py_pkg.egg-info/PKG-INFO
[2.191s] writing dependency_links to ../../build/py_pkg/py_pkg.egg-info/dependency_links.txt
[2.192s] writing entry points to ../../build/py_pkg/py_pkg.egg-info/entry_points.txt
[2.193s] writing requirements to ../../build/py_pkg/py_pkg.egg-info/requires.txt
[2.194s] writing top-level names to ../../build/py_pkg/py_pkg.egg-info/top_level.txt
[2.248s] reading manifest file '../../build/py_pkg/py_pkg.egg-info/SOURCES.txt'
[2.254s] adding license file 'LICENSE'
[2.255s] writing manifest file '../../build/py_pkg/py_pkg.egg-info/SOURCES.txt'
[2.255s] running build
[2.255s] running build_py
[2.257s] copying py_pkg/lidar.py -> /home/leyla/Desktop/kinect_ws/build/py_pkg/build/lib/py_pkg
[2.277s] copying py_pkg/servo.py -> /home/leyla/Desktop/kinect_ws/build/py_pkg/build/lib/py_pkg
[2.279s] copying py_pkg/d_aruco.py -> /home/leyla/Desktop/kinect_ws/build/py_pkg/build/lib/py_pkg
[2.293s] copying py_pkg/trans.py -> /home/leyla/Desktop/kinect_ws/build/py_pkg/build/lib/py_pkg
[2.298s] copying py_pkg/pub.py -> /home/leyla/Desktop/kinect_ws/build/py_pkg/build/lib/py_pkg
[2.298s] copying py_pkg/d_vel.py -> /home/leyla/Desktop/kinect_ws/build/py_pkg/build/lib/py_pkg
[2.299s] running install
[2.310s] running install_lib
[2.337s] copying /home/leyla/Desktop/kinect_ws/build/py_pkg/build/lib/py_pkg/lidar.py -> /home/leyla/Desktop/kinect_ws/install/py_pkg/lib/python3.12/site-packages/py_pkg
[2.337s] copying /home/leyla/Desktop/kinect_ws/build/py_pkg/build/lib/py_pkg/servo.py -> /home/leyla/Desktop/kinect_ws/install/py_pkg/lib/python3.12/site-packages/py_pkg
[2.337s] copying /home/leyla/Desktop/kinect_ws/build/py_pkg/build/lib/py_pkg/d_aruco.py -> /home/leyla/Desktop/kinect_ws/install/py_pkg/lib/python3.12/site-packages/py_pkg
[2.337s] copying /home/leyla/Desktop/kinect_ws/build/py_pkg/build/lib/py_pkg/trans.py -> /home/leyla/Desktop/kinect_ws/install/py_pkg/lib/python3.12/site-packages/py_pkg
[2.338s] copying /home/leyla/Desktop/kinect_ws/build/py_pkg/build/lib/py_pkg/pub.py -> /home/leyla/Desktop/kinect_ws/install/py_pkg/lib/python3.12/site-packages/py_pkg
[2.338s] copying /home/leyla/Desktop/kinect_ws/build/py_pkg/build/lib/py_pkg/d_vel.py -> /home/leyla/Desktop/kinect_ws/install/py_pkg/lib/python3.12/site-packages/py_pkg
[2.339s] byte-compiling /home/leyla/Desktop/kinect_ws/install/py_pkg/lib/python3.12/site-packages/py_pkg/lidar.py to lidar.cpython-312.pyc
[2.340s] byte-compiling /home/leyla/Desktop/kinect_ws/install/py_pkg/lib/python3.12/site-packages/py_pkg/servo.py to servo.cpython-312.pyc
[2.342s] byte-compiling /home/leyla/Desktop/kinect_ws/install/py_pkg/lib/python3.12/site-packages/py_pkg/d_aruco.py to d_aruco.cpython-312.pyc
[2.344s] byte-compiling /home/leyla/Desktop/kinect_ws/install/py_pkg/lib/python3.12/site-packages/py_pkg/trans.py to trans.cpython-312.pyc
[2.345s] byte-compiling /home/leyla/Desktop/kinect_ws/install/py_pkg/lib/python3.12/site-packages/py_pkg/pub.py to pub.cpython-312.pyc
[2.346s] byte-compiling /home/leyla/Desktop/kinect_ws/install/py_pkg/lib/python3.12/site-packages/py_pkg/d_vel.py to d_vel.cpython-312.pyc
[2.348s] running install_data
[2.349s] running install_egg_info
[2.379s] removing '/home/leyla/Desktop/kinect_ws/install/py_pkg/lib/python3.12/site-packages/py_pkg-0.0.0-py3.12.egg-info' (and everything under it)
[2.380s] Copying ../../build/py_pkg/py_pkg.egg-info to /home/leyla/Desktop/kinect_ws/install/py_pkg/lib/python3.12/site-packages/py_pkg-0.0.0-py3.12.egg-info
[2.432s] running install_scripts
[2.668s] Installing d_aruco script to /home/leyla/Desktop/kinect_ws/install/py_pkg/lib/py_pkg
[2.668s] Installing d_vel script to /home/leyla/Desktop/kinect_ws/install/py_pkg/lib/py_pkg
[2.670s] Installing lidar script to /home/leyla/Desktop/kinect_ws/install/py_pkg/lib/py_pkg
[2.671s] Installing pub script to /home/leyla/Desktop/kinect_ws/install/py_pkg/lib/py_pkg
[2.671s] Installing servo script to /home/leyla/Desktop/kinect_ws/install/py_pkg/lib/py_pkg
[2.672s] Installing trans script to /home/leyla/Desktop/kinect_ws/install/py_pkg/lib/py_pkg
[2.673s] writing list of installed files to '/home/leyla/Desktop/kinect_ws/build/py_pkg/install.log'
[2.756s] Invoked command in '/home/leyla/Desktop/kinect_ws/src/py_pkg' returned '0': DEBUGINFOD_URLS=https://debuginfod.ubuntu.com PYTHONPATH=/home/leyla/Desktop/kinect_ws/build/py_pkg/prefix_override:/usr/lib/python3/dist-packages/colcon_core/task/python/colcon_distutils_commands:/home/leyla/Desktop/kinect_ws/install/py_pkg/lib/python3.12/site-packages:${PYTHONPATH} /usr/bin/python3 -W ignore:setup.py install is deprecated -W ignore:easy_install command is deprecated setup.py egg_info --egg-base ../../build/py_pkg build --build-base /home/leyla/Desktop/kinect_ws/build/py_pkg/build install --record /home/leyla/Desktop/kinect_ws/build/py_pkg/install.log --single-version-externally-managed install_data
