[1.174s] Invoking command in '/home/leyla/Documents/mpu_ws/src/imu_publisher': DEBUGINFOD_URLS=https://debuginfod.ubuntu.com PYTHONPATH=/home/leyla/Documents/mpu_ws/build/imu_publisher/prefix_override:/usr/lib/python3/dist-packages/colcon_core/task/python/colcon_distutils_commands:/home/leyla/Documents/mpu_ws/install/imu_publisher/lib/python3.12/site-packages:${PYTHONPATH} /usr/bin/python3 -W ignore:setup.py install is deprecated -W ignore:easy_install command is deprecated setup.py egg_info --egg-base ../../build/imu_publisher build --build-base /home/leyla/Documents/mpu_ws/build/imu_publisher/build install --record /home/leyla/Documents/mpu_ws/build/imu_publisher/install.log --single-version-externally-managed install_data
[1.510s] running egg_info
[1.532s] writing ../../build/imu_publisher/imu_publisher.egg-info/PKG-INFO
[1.532s] writing dependency_links to ../../build/imu_publisher/imu_publisher.egg-info/dependency_links.txt
[1.534s] writing entry points to ../../build/imu_publisher/imu_publisher.egg-info/entry_points.txt
[1.534s] writing requirements to ../../build/imu_publisher/imu_publisher.egg-info/requires.txt
[1.535s] writing top-level names to ../../build/imu_publisher/imu_publisher.egg-info/top_level.txt
[1.580s] reading manifest file '../../build/imu_publisher/imu_publisher.egg-info/SOURCES.txt'
[1.582s] writing manifest file '../../build/imu_publisher/imu_publisher.egg-info/SOURCES.txt'
[1.583s] running build
[1.583s] running build_py
[1.583s] copying imu_publisher/IMU.py -> /home/leyla/Documents/mpu_ws/build/imu_publisher/build/lib/imu_publisher
[1.584s] running install
[1.593s] running install_lib
[1.620s] copying /home/leyla/Documents/mpu_ws/build/imu_publisher/build/lib/imu_publisher/IMU.py -> /home/leyla/Documents/mpu_ws/install/imu_publisher/lib/python3.12/site-packages/imu_publisher
[1.620s] byte-compiling /home/leyla/Documents/mpu_ws/install/imu_publisher/lib/python3.12/site-packages/imu_publisher/IMU.py to IMU.cpython-312.pyc
[1.624s] running install_data
[1.625s] running install_egg_info
[1.647s] removing '/home/leyla/Documents/mpu_ws/install/imu_publisher/lib/python3.12/site-packages/imu_publisher-0.0.0-py3.12.egg-info' (and everything under it)
[1.653s] Copying ../../build/imu_publisher/imu_publisher.egg-info to /home/leyla/Documents/mpu_ws/install/imu_publisher/lib/python3.12/site-packages/imu_publisher-0.0.0-py3.12.egg-info
[1.655s] running install_scripts
[1.814s] Installing imu_node script to /home/leyla/Documents/mpu_ws/install/imu_publisher/lib/imu_publisher
[1.814s] writing list of installed files to '/home/leyla/Documents/mpu_ws/build/imu_publisher/install.log'
[1.890s] Invoked command in '/home/leyla/Documents/mpu_ws/src/imu_publisher' returned '0': DEBUGINFOD_URLS=https://debuginfod.ubuntu.com PYTHONPATH=/home/leyla/Documents/mpu_ws/build/imu_publisher/prefix_override:/usr/lib/python3/dist-packages/colcon_core/task/python/colcon_distutils_commands:/home/leyla/Documents/mpu_ws/install/imu_publisher/lib/python3.12/site-packages:${PYTHONPATH} /usr/bin/python3 -W ignore:setup.py install is deprecated -W ignore:easy_install command is deprecated setup.py egg_info --egg-base ../../build/imu_publisher build --build-base /home/leyla/Documents/mpu_ws/build/imu_publisher/build install --record /home/leyla/Documents/mpu_ws/build/imu_publisher/install.log --single-version-externally-managed install_data
