[2.228s] Invoking command in '/home/leyla/Desktop/kinect_ws/src/py_pkg': DEBUGINFOD_URLS=https://debuginfod.ubuntu.com PYTHONPATH=/home/leyla/Desktop/kinect_ws/build/py_pkg/prefix_override:/usr/lib/python3/dist-packages/colcon_core/task/python/colcon_distutils_commands:/home/leyla/Desktop/kinect_ws/install/py_pkg/lib/python3.12/site-packages:${PYTHONPATH} /usr/bin/python3 -W ignore:setup.py install is deprecated -W ignore:easy_install command is deprecated setup.py egg_info --egg-base ../../build/py_pkg build --build-base /home/leyla/Desktop/kinect_ws/build/py_pkg/build install --record /home/leyla/Desktop/kinect_ws/build/py_pkg/install.log --single-version-externally-managed install_data
[2.816s] running egg_info
[2.853s] writing ../../build/py_pkg/py_pkg.egg-info/PKG-INFO
[2.854s] writing dependency_links to ../../build/py_pkg/py_pkg.egg-info/dependency_links.txt
[2.854s] writing entry points to ../../build/py_pkg/py_pkg.egg-info/entry_points.txt
[2.855s] writing requirements to ../../build/py_pkg/py_pkg.egg-info/requires.txt
[2.856s] writing top-level names to ../../build/py_pkg/py_pkg.egg-info/top_level.txt
[2.943s] reading manifest file '../../build/py_pkg/py_pkg.egg-info/SOURCES.txt'
[2.946s] adding license file 'LICENSE'
[2.946s] writing manifest file '../../build/py_pkg/py_pkg.egg-info/SOURCES.txt'
[2.946s] running build
[2.946s] running build_py
[2.947s] copying py_pkg/trans.py -> /home/leyla/Desktop/kinect_ws/build/py_pkg/build/lib/py_pkg
[2.950s] running install
[2.970s] running install_lib
[3.056s] copying /home/leyla/Desktop/kinect_ws/build/py_pkg/build/lib/py_pkg/trans.py -> /home/leyla/Desktop/kinect_ws/install/py_pkg/lib/python3.12/site-packages/py_pkg
[3.059s] byte-compiling /home/leyla/Desktop/kinect_ws/install/py_pkg/lib/python3.12/site-packages/py_pkg/trans.py to trans.cpython-312.pyc
[3.059s] running install_data
[3.059s] running install_egg_info
[3.121s] removing '/home/leyla/Desktop/kinect_ws/install/py_pkg/lib/python3.12/site-packages/py_pkg-0.0.0-py3.12.egg-info' (and everything under it)
[3.126s] Copying ../../build/py_pkg/py_pkg.egg-info to /home/leyla/Desktop/kinect_ws/install/py_pkg/lib/python3.12/site-packages/py_pkg-0.0.0-py3.12.egg-info
[3.198s] running install_scripts
[3.493s] Installing base_lidar script to /home/leyla/Desktop/kinect_ws/install/py_pkg/lib/py_pkg
[3.494s] Installing d_aruco script to /home/leyla/Desktop/kinect_ws/install/py_pkg/lib/py_pkg
[3.497s] Installing d_vel script to /home/leyla/Desktop/kinect_ws/install/py_pkg/lib/py_pkg
[3.498s] Installing kinect_tf_pub script to /home/leyla/Desktop/kinect_ws/install/py_pkg/lib/py_pkg
[3.500s] Installing lidar script to /home/leyla/Desktop/kinect_ws/install/py_pkg/lib/py_pkg
[3.500s] Installing map_odom script to /home/leyla/Desktop/kinect_ws/install/py_pkg/lib/py_pkg
[3.500s] Installing pub script to /home/leyla/Desktop/kinect_ws/install/py_pkg/lib/py_pkg
[3.501s] Installing servo script to /home/leyla/Desktop/kinect_ws/install/py_pkg/lib/py_pkg
[3.502s] Installing tf script to /home/leyla/Desktop/kinect_ws/install/py_pkg/lib/py_pkg
[3.503s] Installing trans script to /home/leyla/Desktop/kinect_ws/install/py_pkg/lib/py_pkg
[3.505s] writing list of installed files to '/home/leyla/Desktop/kinect_ws/build/py_pkg/install.log'
[3.669s] Invoked command in '/home/leyla/Desktop/kinect_ws/src/py_pkg' returned '0': DEBUGINFOD_URLS=https://debuginfod.ubuntu.com PYTHONPATH=/home/leyla/Desktop/kinect_ws/build/py_pkg/prefix_override:/usr/lib/python3/dist-packages/colcon_core/task/python/colcon_distutils_commands:/home/leyla/Desktop/kinect_ws/install/py_pkg/lib/python3.12/site-packages:${PYTHONPATH} /usr/bin/python3 -W ignore:setup.py install is deprecated -W ignore:easy_install command is deprecated setup.py egg_info --egg-base ../../build/py_pkg build --build-base /home/leyla/Desktop/kinect_ws/build/py_pkg/build install --record /home/leyla/Desktop/kinect_ws/build/py_pkg/install.log --single-version-externally-managed install_data
