[1.160s] Invoking command in '/home/leyla/Desktop/kinect_ws/src/py_pkg': DEBUGINFOD_URLS=https://debuginfod.ubuntu.com PYTHONPATH=/home/leyla/Desktop/kinect_ws/build/py_pkg/prefix_override:/usr/lib/python3/dist-packages/colcon_core/task/python/colcon_distutils_commands:/home/leyla/Desktop/kinect_ws/install/py_pkg/lib/python3.12/site-packages:${PYTHONPATH} /usr/bin/python3 -W ignore:setup.py install is deprecated -W ignore:easy_install command is deprecated setup.py egg_info --egg-base ../../build/py_pkg build --build-base /home/leyla/Desktop/kinect_ws/build/py_pkg/build install --record /home/leyla/Desktop/kinect_ws/build/py_pkg/install.log --single-version-externally-managed install_data
[1.481s] running egg_info
[1.502s] writing ../../build/py_pkg/py_pkg.egg-info/PKG-INFO
[1.502s] writing dependency_links to ../../build/py_pkg/py_pkg.egg-info/dependency_links.txt
[1.504s] writing entry points to ../../build/py_pkg/py_pkg.egg-info/entry_points.txt
[1.505s] writing requirements to ../../build/py_pkg/py_pkg.egg-info/requires.txt
[1.506s] writing top-level names to ../../build/py_pkg/py_pkg.egg-info/top_level.txt
[1.553s] reading manifest file '../../build/py_pkg/py_pkg.egg-info/SOURCES.txt'
[1.555s] adding license file 'LICENSE'
[1.555s] writing manifest file '../../build/py_pkg/py_pkg.egg-info/SOURCES.txt'
[1.556s] running build
[1.556s] running build_py
[1.559s] copying py_pkg/d_aruco.py -> /home/leyla/Desktop/kinect_ws/build/py_pkg/build/lib/py_pkg
[1.559s] copying py_pkg/pub.py -> /home/leyla/Desktop/kinect_ws/build/py_pkg/build/lib/py_pkg
[1.560s] running install
[1.570s] running install_lib
[1.593s] copying /home/leyla/Desktop/kinect_ws/build/py_pkg/build/lib/py_pkg/d_aruco.py -> /home/leyla/Desktop/kinect_ws/install/py_pkg/lib/python3.12/site-packages/py_pkg
[1.594s] copying /home/leyla/Desktop/kinect_ws/build/py_pkg/build/lib/py_pkg/pub.py -> /home/leyla/Desktop/kinect_ws/install/py_pkg/lib/python3.12/site-packages/py_pkg
[1.595s] byte-compiling /home/leyla/Desktop/kinect_ws/install/py_pkg/lib/python3.12/site-packages/py_pkg/d_aruco.py to d_aruco.cpython-312.pyc
[1.596s] byte-compiling /home/leyla/Desktop/kinect_ws/install/py_pkg/lib/python3.12/site-packages/py_pkg/pub.py to pub.cpython-312.pyc
[1.597s] running install_data
[1.598s] running install_egg_info
[1.623s] removing '/home/leyla/Desktop/kinect_ws/install/py_pkg/lib/python3.12/site-packages/py_pkg-0.0.0-py3.12.egg-info' (and everything under it)
[1.623s] Copying ../../build/py_pkg/py_pkg.egg-info to /home/leyla/Desktop/kinect_ws/install/py_pkg/lib/python3.12/site-packages/py_pkg-0.0.0-py3.12.egg-info
[1.636s] running install_scripts
[1.795s] Installing d_aruco script to /home/leyla/Desktop/kinect_ws/install/py_pkg/lib/py_pkg
[1.795s] Installing pub script to /home/leyla/Desktop/kinect_ws/install/py_pkg/lib/py_pkg
[1.796s] writing list of installed files to '/home/leyla/Desktop/kinect_ws/build/py_pkg/install.log'
[1.877s] Invoked command in '/home/leyla/Desktop/kinect_ws/src/py_pkg' returned '0': DEBUGINFOD_URLS=https://debuginfod.ubuntu.com PYTHONPATH=/home/leyla/Desktop/kinect_ws/build/py_pkg/prefix_override:/usr/lib/python3/dist-packages/colcon_core/task/python/colcon_distutils_commands:/home/leyla/Desktop/kinect_ws/install/py_pkg/lib/python3.12/site-packages:${PYTHONPATH} /usr/bin/python3 -W ignore:setup.py install is deprecated -W ignore:easy_install command is deprecated setup.py egg_info --egg-base ../../build/py_pkg build --build-base /home/leyla/Desktop/kinect_ws/build/py_pkg/build install --record /home/leyla/Desktop/kinect_ws/build/py_pkg/install.log --single-version-externally-managed install_data
