[3.015s] Invoking command in '/home/leyla/Desktop/mpu_ws/src/imu_publisher': DEBUGINFOD_URLS=https://debuginfod.ubuntu.com PYTHONPATH=/home/leyla/Desktop/mpu_ws/build/imu_publisher/prefix_override:/usr/lib/python3/dist-packages/colcon_core/task/python/colcon_distutils_commands:/home/leyla/Desktop/mpu_ws/install/imu_publisher/lib/python3.12/site-packages:${PYTHONPATH} /usr/bin/python3 -W ignore:setup.py install is deprecated -W ignore:easy_install command is deprecated setup.py egg_info --egg-base ../../build/imu_publisher build --build-base /home/leyla/Desktop/mpu_ws/build/imu_publisher/build install --record /home/leyla/Desktop/mpu_ws/build/imu_publisher/install.log --single-version-externally-managed install_data
[3.951s] running egg_info
[4.017s] writing ../../build/imu_publisher/imu_publisher.egg-info/PKG-INFO
[4.023s] writing dependency_links to ../../build/imu_publisher/imu_publisher.egg-info/dependency_links.txt
[4.025s] writing entry points to ../../build/imu_publisher/imu_publisher.egg-info/entry_points.txt
[4.026s] writing requirements to ../../build/imu_publisher/imu_publisher.egg-info/requires.txt
[4.026s] writing top-level names to ../../build/imu_publisher/imu_publisher.egg-info/top_level.txt
[4.156s] reading manifest file '../../build/imu_publisher/imu_publisher.egg-info/SOURCES.txt'
[4.163s] writing manifest file '../../build/imu_publisher/imu_publisher.egg-info/SOURCES.txt'
[4.164s] running build
[4.168s] running build_py
[4.170s] copying imu_publisher/tf.py -> /home/leyla/Desktop/mpu_ws/build/imu_publisher/build/lib/imu_publisher
[4.170s] running install
[4.185s] running install_lib
[4.278s] copying /home/leyla/Desktop/mpu_ws/build/imu_publisher/build/lib/imu_publisher/tf.py -> /home/leyla/Desktop/mpu_ws/install/imu_publisher/lib/python3.12/site-packages/imu_publisher
[4.282s] byte-compiling /home/leyla/Desktop/mpu_ws/install/imu_publisher/lib/python3.12/site-packages/imu_publisher/tf.py to tf.cpython-312.pyc
[4.290s] running install_data
[4.292s] running install_egg_info
[4.390s] removing '/home/leyla/Desktop/mpu_ws/install/imu_publisher/lib/python3.12/site-packages/imu_publisher-0.0.0-py3.12.egg-info' (and everything under it)
[4.392s] Copying ../../build/imu_publisher/imu_publisher.egg-info to /home/leyla/Desktop/mpu_ws/install/imu_publisher/lib/python3.12/site-packages/imu_publisher-0.0.0-py3.12.egg-info
[4.437s] running install_scripts
[4.854s] Installing imu script to /home/leyla/Desktop/mpu_ws/install/imu_publisher/lib/imu_publisher
[4.856s] Installing tf script to /home/leyla/Desktop/mpu_ws/install/imu_publisher/lib/imu_publisher
[4.858s] writing list of installed files to '/home/leyla/Desktop/mpu_ws/build/imu_publisher/install.log'
[5.066s] Invoked command in '/home/leyla/Desktop/mpu_ws/src/imu_publisher' returned '0': DEBUGINFOD_URLS=https://debuginfod.ubuntu.com PYTHONPATH=/home/leyla/Desktop/mpu_ws/build/imu_publisher/prefix_override:/usr/lib/python3/dist-packages/colcon_core/task/python/colcon_distutils_commands:/home/leyla/Desktop/mpu_ws/install/imu_publisher/lib/python3.12/site-packages:${PYTHONPATH} /usr/bin/python3 -W ignore:setup.py install is deprecated -W ignore:easy_install command is deprecated setup.py egg_info --egg-base ../../build/imu_publisher build --build-base /home/leyla/Desktop/mpu_ws/build/imu_publisher/build install --record /home/leyla/Desktop/mpu_ws/build/imu_publisher/install.log --single-version-externally-managed install_data
