/home/leyla/Desktop/kinect_ws/install/py_pkg/lib/python3.12/site-packages/py_pkg/lidar.py
/home/leyla/Desktop/kinect_ws/install/py_pkg/lib/python3.12/site-packages/py_pkg/servo.py
/home/leyla/Desktop/kinect_ws/install/py_pkg/lib/python3.12/site-packages/py_pkg/d_aruco.py
/home/leyla/Desktop/kinect_ws/install/py_pkg/lib/python3.12/site-packages/py_pkg/trans.py
/home/leyla/Desktop/kinect_ws/install/py_pkg/lib/python3.12/site-packages/py_pkg/__init__.py
/home/leyla/Desktop/kinect_ws/install/py_pkg/lib/python3.12/site-packages/py_pkg/pub.py
/home/leyla/Desktop/kinect_ws/install/py_pkg/lib/python3.12/site-packages/py_pkg/d_vel.py
/home/leyla/Desktop/kinect_ws/install/py_pkg/lib/python3.12/site-packages/py_pkg/__pycache__/lidar.cpython-312.pyc
/home/leyla/Desktop/kinect_ws/install/py_pkg/lib/python3.12/site-packages/py_pkg/__pycache__/servo.cpython-312.pyc
/home/leyla/Desktop/kinect_ws/install/py_pkg/lib/python3.12/site-packages/py_pkg/__pycache__/d_aruco.cpython-312.pyc
/home/leyla/Desktop/kinect_ws/install/py_pkg/lib/python3.12/site-packages/py_pkg/__pycache__/trans.cpython-312.pyc
/home/leyla/Desktop/kinect_ws/install/py_pkg/lib/python3.12/site-packages/py_pkg/__pycache__/__init__.cpython-312.pyc
/home/leyla/Desktop/kinect_ws/install/py_pkg/lib/python3.12/site-packages/py_pkg/__pycache__/pub.cpython-312.pyc
/home/leyla/Desktop/kinect_ws/install/py_pkg/lib/python3.12/site-packages/py_pkg/__pycache__/d_vel.cpython-312.pyc
/home/leyla/Desktop/kinect_ws/install/py_pkg/share/ament_index/resource_index/packages/py_pkg
/home/leyla/Desktop/kinect_ws/install/py_pkg/share/py_pkg/package.xml
/home/leyla/Desktop/kinect_ws/install/py_pkg/share/py_pkg/launch/ejecutar.py
/home/leyla/Desktop/kinect_ws/install/py_pkg/lib/python3.12/site-packages/py_pkg-0.0.0-py3.12.egg-info/dependency_links.txt
/home/leyla/Desktop/kinect_ws/install/py_pkg/lib/python3.12/site-packages/py_pkg-0.0.0-py3.12.egg-info/PKG-INFO
/home/leyla/Desktop/kinect_ws/install/py_pkg/lib/python3.12/site-packages/py_pkg-0.0.0-py3.12.egg-info/entry_points.txt
/home/leyla/Desktop/kinect_ws/install/py_pkg/lib/python3.12/site-packages/py_pkg-0.0.0-py3.12.egg-info/requires.txt
/home/leyla/Desktop/kinect_ws/install/py_pkg/lib/python3.12/site-packages/py_pkg-0.0.0-py3.12.egg-info/top_level.txt
/home/leyla/Desktop/kinect_ws/install/py_pkg/lib/python3.12/site-packages/py_pkg-0.0.0-py3.12.egg-info/zip-safe
/home/leyla/Desktop/kinect_ws/install/py_pkg/lib/python3.12/site-packages/py_pkg-0.0.0-py3.12.egg-info/SOURCES.txt
/home/leyla/Desktop/kinect_ws/install/py_pkg/lib/py_pkg/d_aruco
/home/leyla/Desktop/kinect_ws/install/py_pkg/lib/py_pkg/d_vel
/home/leyla/Desktop/kinect_ws/install/py_pkg/lib/py_pkg/lidar
/home/leyla/Desktop/kinect_ws/install/py_pkg/lib/py_pkg/pub
/home/leyla/Desktop/kinect_ws/install/py_pkg/lib/py_pkg/servo
/home/leyla/Desktop/kinect_ws/install/py_pkg/lib/py_pkg/trans
