[2.664s] Invoking command in '/home/leyla/Desktop/kinect_ws/src/py_pkg': DEBUGINFOD_URLS=https://debuginfod.ubuntu.com PYTHONPATH=/home/leyla/Desktop/kinect_ws/build/py_pkg/prefix_override:/usr/lib/python3/dist-packages/colcon_core/task/python/colcon_distutils_commands:/home/leyla/Desktop/kinect_ws/install/py_pkg/lib/python3.12/site-packages:${PYTHONPATH} /usr/bin/python3 -W ignore:setup.py install is deprecated -W ignore:easy_install command is deprecated setup.py egg_info --egg-base ../../build/py_pkg build --build-base /home/leyla/Desktop/kinect_ws/build/py_pkg/build install --record /home/leyla/Desktop/kinect_ws/build/py_pkg/install.log --single-version-externally-managed install_data
[3.248s] running egg_info
[3.284s] writing ../../build/py_pkg/py_pkg.egg-info/PKG-INFO
[3.288s] writing dependency_links to ../../build/py_pkg/py_pkg.egg-info/dependency_links.txt
[3.288s] writing entry points to ../../build/py_pkg/py_pkg.egg-info/entry_points.txt
[3.289s] writing requirements to ../../build/py_pkg/py_pkg.egg-info/requires.txt
[3.289s] writing top-level names to ../../build/py_pkg/py_pkg.egg-info/top_level.txt
[3.356s] reading manifest file '../../build/py_pkg/py_pkg.egg-info/SOURCES.txt'
[3.357s] adding license file 'LICENSE'
[3.358s] writing manifest file '../../build/py_pkg/py_pkg.egg-info/SOURCES.txt'
[3.359s] running build
[3.359s] running build_py
[3.360s] running install
[3.370s] running install_lib
[3.409s] running install_data
[3.409s] running install_egg_info
[3.445s] removing '/home/leyla/Desktop/kinect_ws/install/py_pkg/lib/python3.12/site-packages/py_pkg-0.0.0-py3.12.egg-info' (and everything under it)
[3.447s] Copying ../../build/py_pkg/py_pkg.egg-info to /home/leyla/Desktop/kinect_ws/install/py_pkg/lib/python3.12/site-packages/py_pkg-0.0.0-py3.12.egg-info
[3.455s] running install_scripts
[3.688s] Installing d_aruco script to /home/leyla/Desktop/kinect_ws/install/py_pkg/lib/py_pkg
[3.688s] Installing d_vel script to /home/leyla/Desktop/kinect_ws/install/py_pkg/lib/py_pkg
[3.691s] Installing lidar script to /home/leyla/Desktop/kinect_ws/install/py_pkg/lib/py_pkg
[3.692s] Installing pub script to /home/leyla/Desktop/kinect_ws/install/py_pkg/lib/py_pkg
[3.693s] Installing servo script to /home/leyla/Desktop/kinect_ws/install/py_pkg/lib/py_pkg
[3.695s] Installing trans script to /home/leyla/Desktop/kinect_ws/install/py_pkg/lib/py_pkg
[3.697s] writing list of installed files to '/home/leyla/Desktop/kinect_ws/build/py_pkg/install.log'
[3.865s] Invoked command in '/home/leyla/Desktop/kinect_ws/src/py_pkg' returned '0': DEBUGINFOD_URLS=https://debuginfod.ubuntu.com PYTHONPATH=/home/leyla/Desktop/kinect_ws/build/py_pkg/prefix_override:/usr/lib/python3/dist-packages/colcon_core/task/python/colcon_distutils_commands:/home/leyla/Desktop/kinect_ws/install/py_pkg/lib/python3.12/site-packages:${PYTHONPATH} /usr/bin/python3 -W ignore:setup.py install is deprecated -W ignore:easy_install command is deprecated setup.py egg_info --egg-base ../../build/py_pkg build --build-base /home/leyla/Desktop/kinect_ws/build/py_pkg/build install --record /home/leyla/Desktop/kinect_ws/build/py_pkg/install.log --single-version-externally-managed install_data
