[1.068s] Invoking command in '/home/leyla/Desktop/kinect_ws/src/py_pkg': DEBUGINFOD_URLS=https://debuginfod.ubuntu.com PYTHONPATH=/home/leyla/Desktop/kinect_ws/build/py_pkg/prefix_override:/usr/lib/python3/dist-packages/colcon_core/task/python/colcon_distutils_commands:/home/leyla/Desktop/kinect_ws/install/py_pkg/lib/python3.12/site-packages:${PYTHONPATH} /usr/bin/python3 -W ignore:setup.py install is deprecated -W ignore:easy_install command is deprecated setup.py egg_info --egg-base ../../build/py_pkg build --build-base /home/leyla/Desktop/kinect_ws/build/py_pkg/build install --record /home/leyla/Desktop/kinect_ws/build/py_pkg/install.log --single-version-externally-managed install_data
[1.383s] running egg_info
[1.403s] writing ../../build/py_pkg/py_pkg.egg-info/PKG-INFO
[1.403s] writing dependency_links to ../../build/py_pkg/py_pkg.egg-info/dependency_links.txt
[1.405s] writing entry points to ../../build/py_pkg/py_pkg.egg-info/entry_points.txt
[1.406s] writing requirements to ../../build/py_pkg/py_pkg.egg-info/requires.txt
[1.406s] writing top-level names to ../../build/py_pkg/py_pkg.egg-info/top_level.txt
[1.452s] reading manifest file '../../build/py_pkg/py_pkg.egg-info/SOURCES.txt'
[1.459s] adding license file 'LICENSE'
[1.460s] writing manifest file '../../build/py_pkg/py_pkg.egg-info/SOURCES.txt'
[1.460s] running build
[1.460s] running build_py
[1.463s] running install
[1.481s] running install_lib
[1.496s] running install_data
[1.496s] running install_egg_info
[1.521s] removing '/home/leyla/Desktop/kinect_ws/install/py_pkg/lib/python3.12/site-packages/py_pkg-0.0.0-py3.12.egg-info' (and everything under it)
[1.521s] Copying ../../build/py_pkg/py_pkg.egg-info to /home/leyla/Desktop/kinect_ws/install/py_pkg/lib/python3.12/site-packages/py_pkg-0.0.0-py3.12.egg-info
[1.538s] running install_scripts
[1.738s] Installing pub script to /home/leyla/Desktop/kinect_ws/install/py_pkg/lib/py_pkg
[1.738s] writing list of installed files to '/home/leyla/Desktop/kinect_ws/build/py_pkg/install.log'
[1.813s] Invoked command in '/home/leyla/Desktop/kinect_ws/src/py_pkg' returned '0': DEBUGINFOD_URLS=https://debuginfod.ubuntu.com PYTHONPATH=/home/leyla/Desktop/kinect_ws/build/py_pkg/prefix_override:/usr/lib/python3/dist-packages/colcon_core/task/python/colcon_distutils_commands:/home/leyla/Desktop/kinect_ws/install/py_pkg/lib/python3.12/site-packages:${PYTHONPATH} /usr/bin/python3 -W ignore:setup.py install is deprecated -W ignore:easy_install command is deprecated setup.py egg_info --egg-base ../../build/py_pkg build --build-base /home/leyla/Desktop/kinect_ws/build/py_pkg/build install --record /home/leyla/Desktop/kinect_ws/build/py_pkg/install.log --single-version-externally-managed install_data
