[1.461s] Invoking command in '/home/leyla/Desktop/kinect_ws/src/py_pkg': DEBUGINFOD_URLS=https://debuginfod.ubuntu.com PYTHONPATH=/home/leyla/Desktop/kinect_ws/build/py_pkg/prefix_override:/usr/lib/python3/dist-packages/colcon_core/task/python/colcon_distutils_commands:/home/leyla/Desktop/kinect_ws/install/py_pkg/lib/python3.12/site-packages:${PYTHONPATH} /usr/bin/python3 -W ignore:setup.py install is deprecated -W ignore:easy_install command is deprecated setup.py egg_info --egg-base ../../build/py_pkg build --build-base /home/leyla/Desktop/kinect_ws/build/py_pkg/build install --record /home/leyla/Desktop/kinect_ws/build/py_pkg/install.log --single-version-externally-managed install_data
[1.875s] running egg_info
[1.903s] writing ../../build/py_pkg/py_pkg.egg-info/PKG-INFO
[1.903s] writing dependency_links to ../../build/py_pkg/py_pkg.egg-info/dependency_links.txt
[1.905s] writing entry points to ../../build/py_pkg/py_pkg.egg-info/entry_points.txt
[1.906s] writing requirements to ../../build/py_pkg/py_pkg.egg-info/requires.txt
[1.907s] writing top-level names to ../../build/py_pkg/py_pkg.egg-info/top_level.txt
[1.968s] reading manifest file '../../build/py_pkg/py_pkg.egg-info/SOURCES.txt'
[1.981s] adding license file 'LICENSE'
[1.984s] writing manifest file '../../build/py_pkg/py_pkg.egg-info/SOURCES.txt'
[1.986s] running build
[1.986s] running build_py
[1.987s] running install
[2.003s] running install_lib
[2.035s] running install_data
[2.035s] running install_egg_info
[2.070s] removing '/home/leyla/Desktop/kinect_ws/install/py_pkg/lib/python3.12/site-packages/py_pkg-0.0.0-py3.12.egg-info' (and everything under it)
[2.074s] Copying ../../build/py_pkg/py_pkg.egg-info to /home/leyla/Desktop/kinect_ws/install/py_pkg/lib/python3.12/site-packages/py_pkg-0.0.0-py3.12.egg-info
[2.076s] running install_scripts
[2.272s] Installing base_lidar script to /home/leyla/Desktop/kinect_ws/install/py_pkg/lib/py_pkg
[2.272s] Installing d_aruco script to /home/leyla/Desktop/kinect_ws/install/py_pkg/lib/py_pkg
[2.274s] Installing d_vel script to /home/leyla/Desktop/kinect_ws/install/py_pkg/lib/py_pkg
[2.274s] Installing kinect_tf_pub script to /home/leyla/Desktop/kinect_ws/install/py_pkg/lib/py_pkg
[2.275s] Installing lidar script to /home/leyla/Desktop/kinect_ws/install/py_pkg/lib/py_pkg
[2.276s] Installing map_odom script to /home/leyla/Desktop/kinect_ws/install/py_pkg/lib/py_pkg
[2.277s] Installing pub script to /home/leyla/Desktop/kinect_ws/install/py_pkg/lib/py_pkg
[2.277s] Installing servo script to /home/leyla/Desktop/kinect_ws/install/py_pkg/lib/py_pkg
[2.278s] Installing tf script to /home/leyla/Desktop/kinect_ws/install/py_pkg/lib/py_pkg
[2.279s] Installing trans script to /home/leyla/Desktop/kinect_ws/install/py_pkg/lib/py_pkg
[2.281s] writing list of installed files to '/home/leyla/Desktop/kinect_ws/build/py_pkg/install.log'
[2.381s] Invoked command in '/home/leyla/Desktop/kinect_ws/src/py_pkg' returned '0': DEBUGINFOD_URLS=https://debuginfod.ubuntu.com PYTHONPATH=/home/leyla/Desktop/kinect_ws/build/py_pkg/prefix_override:/usr/lib/python3/dist-packages/colcon_core/task/python/colcon_distutils_commands:/home/leyla/Desktop/kinect_ws/install/py_pkg/lib/python3.12/site-packages:${PYTHONPATH} /usr/bin/python3 -W ignore:setup.py install is deprecated -W ignore:easy_install command is deprecated setup.py egg_info --egg-base ../../build/py_pkg build --build-base /home/leyla/Desktop/kinect_ws/build/py_pkg/build install --record /home/leyla/Desktop/kinect_ws/build/py_pkg/install.log --single-version-externally-managed install_data
