[1.554s] Invoking command in '/home/leyla/Documents/mpu_ws/src/imu_publisher': DEBUGINFOD_URLS=https://debuginfod.ubuntu.com PYTHONPATH=/home/leyla/Documents/mpu_ws/build/imu_publisher/prefix_override:/usr/lib/python3/dist-packages/colcon_core/task/python/colcon_distutils_commands:/home/leyla/Documents/mpu_ws/install/imu_publisher/lib/python3.12/site-packages:${PYTHONPATH} /usr/bin/python3 -W ignore:setup.py install is deprecated -W ignore:easy_install command is deprecated setup.py egg_info --egg-base ../../build/imu_publisher build --build-base /home/leyla/Documents/mpu_ws/build/imu_publisher/build install --record /home/leyla/Documents/mpu_ws/build/imu_publisher/install.log --single-version-externally-managed install_data
[1.968s] running egg_info
[1.991s] writing ../../build/imu_publisher/imu_publisher.egg-info/PKG-INFO
[1.991s] writing dependency_links to ../../build/imu_publisher/imu_publisher.egg-info/dependency_links.txt
[1.993s] writing entry points to ../../build/imu_publisher/imu_publisher.egg-info/entry_points.txt
[1.993s] writing requirements to ../../build/imu_publisher/imu_publisher.egg-info/requires.txt
[1.994s] writing top-level names to ../../build/imu_publisher/imu_publisher.egg-info/top_level.txt
[2.064s] reading manifest file '../../build/imu_publisher/imu_publisher.egg-info/SOURCES.txt'
[2.067s] writing manifest file '../../build/imu_publisher/imu_publisher.egg-info/SOURCES.txt'
[2.068s] running build
[2.068s] running build_py
[2.068s] copying imu_publisher/IMU.py -> /home/leyla/Documents/mpu_ws/build/imu_publisher/build/lib/imu_publisher
[2.069s] running install
[2.078s] running install_lib
[2.102s] copying /home/leyla/Documents/mpu_ws/build/imu_publisher/build/lib/imu_publisher/IMU.py -> /home/leyla/Documents/mpu_ws/install/imu_publisher/lib/python3.12/site-packages/imu_publisher
[2.104s] byte-compiling /home/leyla/Documents/mpu_ws/install/imu_publisher/lib/python3.12/site-packages/imu_publisher/IMU.py to IMU.cpython-312.pyc
[2.106s] running install_data
[2.106s] running install_egg_info
[2.156s] removing '/home/leyla/Documents/mpu_ws/install/imu_publisher/lib/python3.12/site-packages/imu_publisher-0.0.0-py3.12.egg-info' (and everything under it)
[2.157s] Copying ../../build/imu_publisher/imu_publisher.egg-info to /home/leyla/Documents/mpu_ws/install/imu_publisher/lib/python3.12/site-packages/imu_publisher-0.0.0-py3.12.egg-info
[2.160s] running install_scripts
[2.357s] Installing imu_node script to /home/leyla/Documents/mpu_ws/install/imu_publisher/lib/imu_publisher
[2.358s] writing list of installed files to '/home/leyla/Documents/mpu_ws/build/imu_publisher/install.log'
[2.464s] Invoked command in '/home/leyla/Documents/mpu_ws/src/imu_publisher' returned '0': DEBUGINFOD_URLS=https://debuginfod.ubuntu.com PYTHONPATH=/home/leyla/Documents/mpu_ws/build/imu_publisher/prefix_override:/usr/lib/python3/dist-packages/colcon_core/task/python/colcon_distutils_commands:/home/leyla/Documents/mpu_ws/install/imu_publisher/lib/python3.12/site-packages:${PYTHONPATH} /usr/bin/python3 -W ignore:setup.py install is deprecated -W ignore:easy_install command is deprecated setup.py egg_info --egg-base ../../build/imu_publisher build --build-base /home/leyla/Documents/mpu_ws/build/imu_publisher/build install --record /home/leyla/Documents/mpu_ws/build/imu_publisher/install.log --single-version-externally-managed install_data
