[0.212s] DEBUG:colcon:Command line arguments: ['/usr/bin/colcon', 'build']
[0.213s] DEBUG:colcon:Parsed command line arguments: Namespace(log_base=None, log_level=None, verb_name='build', build_base='build', install_base='install', merge_install=False, symlink_install=False, test_result_base=None, continue_on_error=False, executor='parallel', parallel_workers=4, event_handlers=None, ignore_user_meta=False, metas=['./colcon.meta'], base_paths=['.'], packages_ignore=None, packages_ignore_regex=None, paths=None, packages_up_to=None, packages_up_to_regex=None, packages_above=None, packages_above_and_dependencies=None, packages_above_depth=None, packages_select_by_dep=None, packages_skip_by_dep=None, packages_skip_up_to=None, packages_select_build_failed=False, packages_skip_build_finished=False, packages_select_test_failures=False, packages_skip_test_passed=False, packages_select=None, packages_skip=None, packages_select_regex=None, packages_skip_regex=None, packages_start=None, packages_end=None, allow_overriding=[], cmake_args=None, cmake_target=None, cmake_target_skip_unavailable=False, cmake_clean_cache=False, cmake_clean_first=False, cmake_force_configure=False, ament_cmake_args=None, catkin_cmake_args=None, catkin_skip_building_tests=False, mixin_files=None, mixin=None, verb_parser=<colcon_mixin.mixin.mixin_argument.MixinArgumentDecorator object at 0xffff90297170>, verb_extension=<colcon_core.verb.build.BuildVerb object at 0xffff9047c740>, main=<bound method BuildVerb.main of <colcon_core.verb.build.BuildVerb object at 0xffff9047c740>>, mixin_verb=('build',))
[0.303s] Level 1:colcon.colcon_core.package_discovery:discover_packages(colcon_meta) check parameters
[0.303s] Level 1:colcon.colcon_core.package_discovery:discover_packages(recursive) check parameters
[0.303s] Level 1:colcon.colcon_core.package_discovery:discover_packages(ignore) check parameters
[0.303s] Level 1:colcon.colcon_core.package_discovery:discover_packages(path) check parameters
[0.303s] Level 1:colcon.colcon_core.package_discovery:discover_packages(colcon_meta) discover
[0.304s] Level 1:colcon.colcon_core.package_discovery:discover_packages(recursive) discover
[0.304s] INFO:colcon.colcon_core.package_discovery:Crawling recursively for packages in '/home/leyla/Desktop/kinect_ws'
[0.304s] Level 1:colcon.colcon_core.package_identification:_identify(.) by extensions ['ignore', 'ignore_ament_install']
[0.304s] Level 1:colcon.colcon_core.package_identification:_identify(.) by extension 'ignore'
[0.305s] Level 1:colcon.colcon_core.package_identification:_identify(.) by extension 'ignore_ament_install'
[0.305s] Level 1:colcon.colcon_core.package_identification:_identify(.) by extensions ['colcon_pkg']
[0.305s] Level 1:colcon.colcon_core.package_identification:_identify(.) by extension 'colcon_pkg'
[0.305s] Level 1:colcon.colcon_core.package_identification:_identify(.) by extensions ['colcon_meta']
[0.306s] Level 1:colcon.colcon_core.package_identification:_identify(.) by extension 'colcon_meta'
[0.306s] Level 1:colcon.colcon_core.package_identification:_identify(.) by extensions ['ros']
[0.306s] Level 1:colcon.colcon_core.package_identification:_identify(.) by extension 'ros'
[0.383s] Level 1:colcon.colcon_core.package_identification:_identify(.) by extensions ['cmake', 'python']
[0.383s] Level 1:colcon.colcon_core.package_identification:_identify(.) by extension 'cmake'
[0.384s] Level 1:colcon.colcon_core.package_identification:_identify(.) by extension 'python'
[0.384s] Level 1:colcon.colcon_core.package_identification:_identify(.) by extensions ['python_setup_py']
[0.384s] Level 1:colcon.colcon_core.package_identification:_identify(.) by extension 'python_setup_py'
[0.384s] Level 1:colcon.colcon_core.package_identification:_identify(build) by extensions ['ignore', 'ignore_ament_install']
[0.384s] Level 1:colcon.colcon_core.package_identification:_identify(build) by extension 'ignore'
[0.384s] Level 1:colcon.colcon_core.package_identification:_identify(build) ignored
[0.386s] Level 1:colcon.colcon_core.package_identification:_identify(install) by extensions ['ignore', 'ignore_ament_install']
[0.386s] Level 1:colcon.colcon_core.package_identification:_identify(install) by extension 'ignore'
[0.386s] Level 1:colcon.colcon_core.package_identification:_identify(install) ignored
[0.386s] Level 1:colcon.colcon_core.package_identification:_identify(log) by extensions ['ignore', 'ignore_ament_install']
[0.387s] Level 1:colcon.colcon_core.package_identification:_identify(log) by extension 'ignore'
[0.387s] Level 1:colcon.colcon_core.package_identification:_identify(log) ignored
[0.387s] Level 1:colcon.colcon_core.package_identification:_identify(src) by extensions ['ignore', 'ignore_ament_install']
[0.387s] Level 1:colcon.colcon_core.package_identification:_identify(src) by extension 'ignore'
[0.387s] Level 1:colcon.colcon_core.package_identification:_identify(src) by extension 'ignore_ament_install'
[0.387s] Level 1:colcon.colcon_core.package_identification:_identify(src) by extensions ['colcon_pkg']
[0.388s] Level 1:colcon.colcon_core.package_identification:_identify(src) by extension 'colcon_pkg'
[0.388s] Level 1:colcon.colcon_core.package_identification:_identify(src) by extensions ['colcon_meta']
[0.388s] Level 1:colcon.colcon_core.package_identification:_identify(src) by extension 'colcon_meta'
[0.388s] Level 1:colcon.colcon_core.package_identification:_identify(src) by extensions ['ros']
[0.388s] Level 1:colcon.colcon_core.package_identification:_identify(src) by extension 'ros'
[0.388s] Level 1:colcon.colcon_core.package_identification:_identify(src) by extensions ['cmake', 'python']
[0.388s] Level 1:colcon.colcon_core.package_identification:_identify(src) by extension 'cmake'
[0.388s] Level 1:colcon.colcon_core.package_identification:_identify(src) by extension 'python'
[0.389s] Level 1:colcon.colcon_core.package_identification:_identify(src) by extensions ['python_setup_py']
[0.389s] Level 1:colcon.colcon_core.package_identification:_identify(src) by extension 'python_setup_py'
[0.389s] Level 1:colcon.colcon_core.package_identification:_identify(src/py_pkg) by extensions ['ignore', 'ignore_ament_install']
[0.389s] Level 1:colcon.colcon_core.package_identification:_identify(src/py_pkg) by extension 'ignore'
[0.389s] Level 1:colcon.colcon_core.package_identification:_identify(src/py_pkg) by extension 'ignore_ament_install'
[0.389s] Level 1:colcon.colcon_core.package_identification:_identify(src/py_pkg) by extensions ['colcon_pkg']
[0.390s] Level 1:colcon.colcon_core.package_identification:_identify(src/py_pkg) by extension 'colcon_pkg'
[0.390s] Level 1:colcon.colcon_core.package_identification:_identify(src/py_pkg) by extensions ['colcon_meta']
[0.390s] Level 1:colcon.colcon_core.package_identification:_identify(src/py_pkg) by extension 'colcon_meta'
[0.390s] Level 1:colcon.colcon_core.package_identification:_identify(src/py_pkg) by extensions ['ros']
[0.390s] Level 1:colcon.colcon_core.package_identification:_identify(src/py_pkg) by extension 'ros'
[0.396s] DEBUG:colcon.colcon_core.package_identification:Package 'src/py_pkg' with type 'ros.ament_python' and name 'py_pkg'
[0.396s] Level 1:colcon.colcon_core.package_discovery:discover_packages(recursive) using defaults
[0.396s] Level 1:colcon.colcon_core.package_discovery:discover_packages(ignore) discover
[0.396s] Level 1:colcon.colcon_core.package_discovery:discover_packages(ignore) using defaults
[0.396s] Level 1:colcon.colcon_core.package_discovery:discover_packages(path) discover
[0.396s] Level 1:colcon.colcon_core.package_discovery:discover_packages(path) using defaults
[0.439s] Level 1:colcon.colcon_core.package_discovery:discover_packages(prefix_path) check parameters
[0.439s] Level 1:colcon.colcon_core.package_discovery:discover_packages(prefix_path) discover
[0.443s] DEBUG:colcon.colcon_installed_package_information.package_discovery:Found 1 installed packages in /home/leyla/Desktop/kinect_ws/install
[0.444s] DEBUG:colcon.colcon_installed_package_information.package_discovery:Found 1 installed packages in /home/leyla/Desktop/ros2_ws/install
[0.447s] DEBUG:colcon.colcon_installed_package_information.package_discovery:Found 216 installed packages in /opt/ros/jazzy
[0.449s] Level 1:colcon.colcon_core.package_discovery:discover_packages(prefix_path) using defaults
[0.523s] Level 5:colcon.colcon_core.verb:set package 'py_pkg' build argument 'cmake_args' from command line to 'None'
[0.523s] Level 5:colcon.colcon_core.verb:set package 'py_pkg' build argument 'cmake_target' from command line to 'None'
[0.523s] Level 5:colcon.colcon_core.verb:set package 'py_pkg' build argument 'cmake_target_skip_unavailable' from command line to 'False'
[0.523s] Level 5:colcon.colcon_core.verb:set package 'py_pkg' build argument 'cmake_clean_cache' from command line to 'False'
[0.523s] Level 5:colcon.colcon_core.verb:set package 'py_pkg' build argument 'cmake_clean_first' from command line to 'False'
[0.523s] Level 5:colcon.colcon_core.verb:set package 'py_pkg' build argument 'cmake_force_configure' from command line to 'False'
[0.523s] Level 5:colcon.colcon_core.verb:set package 'py_pkg' build argument 'ament_cmake_args' from command line to 'None'
[0.523s] Level 5:colcon.colcon_core.verb:set package 'py_pkg' build argument 'catkin_cmake_args' from command line to 'None'
[0.523s] Level 5:colcon.colcon_core.verb:set package 'py_pkg' build argument 'catkin_skip_building_tests' from command line to 'False'
[0.524s] DEBUG:colcon.colcon_core.verb:Building package 'py_pkg' with the following arguments: {'ament_cmake_args': None, 'build_base': '/home/leyla/Desktop/kinect_ws/build/py_pkg', 'catkin_cmake_args': None, 'catkin_skip_building_tests': False, 'cmake_args': None, 'cmake_clean_cache': False, 'cmake_clean_first': False, 'cmake_force_configure': False, 'cmake_target': None, 'cmake_target_skip_unavailable': False, 'install_base': '/home/leyla/Desktop/kinect_ws/install/py_pkg', 'merge_install': False, 'path': '/home/leyla/Desktop/kinect_ws/src/py_pkg', 'symlink_install': False, 'test_result_base': None}
[0.524s] INFO:colcon.colcon_core.executor:Executing jobs using 'parallel' executor
[0.526s] DEBUG:colcon.colcon_parallel_executor.executor.parallel:run_until_complete
[0.526s] INFO:colcon.colcon_ros.task.ament_python.build:Building ROS package in '/home/leyla/Desktop/kinect_ws/src/py_pkg' with build type 'ament_python'
[0.526s] Level 1:colcon.colcon_core.shell:create_environment_hook('py_pkg', 'ament_prefix_path')
[0.531s] INFO:colcon.colcon_core.plugin_system:Skipping extension 'colcon_core.shell.bat': Not used on non-Windows systems
[0.532s] INFO:colcon.colcon_core.shell:Creating environment hook '/home/leyla/Desktop/kinect_ws/install/py_pkg/share/py_pkg/hook/ament_prefix_path.ps1'
[0.534s] INFO:colcon.colcon_core.shell:Creating environment descriptor '/home/leyla/Desktop/kinect_ws/install/py_pkg/share/py_pkg/hook/ament_prefix_path.dsv'
[0.536s] INFO:colcon.colcon_core.shell:Creating environment hook '/home/leyla/Desktop/kinect_ws/install/py_pkg/share/py_pkg/hook/ament_prefix_path.sh'
[0.539s] INFO:colcon.colcon_core.shell:Skip shell extension 'powershell' for command environment: Not usable outside of PowerShell
[0.540s] DEBUG:colcon.colcon_core.shell:Skip shell extension 'dsv' for command environment
[1.107s] INFO:colcon.colcon_core.task.python.build:Building Python package in '/home/leyla/Desktop/kinect_ws/src/py_pkg'
[1.108s] INFO:colcon.colcon_core.shell:Skip shell extension 'powershell' for command environment: Not usable outside of PowerShell
[1.108s] DEBUG:colcon.colcon_core.shell:Skip shell extension 'dsv' for command environment
[2.479s] DEBUG:colcon.colcon_core.event_handler.log_command:Invoking command in '/home/leyla/Desktop/kinect_ws/src/py_pkg': DEBUGINFOD_URLS=https://debuginfod.ubuntu.com PYTHONPATH=/home/leyla/Desktop/kinect_ws/build/py_pkg/prefix_override:/usr/lib/python3/dist-packages/colcon_core/task/python/colcon_distutils_commands:/home/leyla/Desktop/kinect_ws/install/py_pkg/lib/python3.12/site-packages:${PYTHONPATH} /usr/bin/python3 -W ignore:setup.py install is deprecated -W ignore:easy_install command is deprecated setup.py egg_info --egg-base ../../build/py_pkg build --build-base /home/leyla/Desktop/kinect_ws/build/py_pkg/build install --record /home/leyla/Desktop/kinect_ws/build/py_pkg/install.log --single-version-externally-managed install_data
[3.719s] DEBUG:colcon.colcon_core.event_handler.log_command:Invoked command in '/home/leyla/Desktop/kinect_ws/src/py_pkg' returned '0': DEBUGINFOD_URLS=https://debuginfod.ubuntu.com PYTHONPATH=/home/leyla/Desktop/kinect_ws/build/py_pkg/prefix_override:/usr/lib/python3/dist-packages/colcon_core/task/python/colcon_distutils_commands:/home/leyla/Desktop/kinect_ws/install/py_pkg/lib/python3.12/site-packages:${PYTHONPATH} /usr/bin/python3 -W ignore:setup.py install is deprecated -W ignore:easy_install command is deprecated setup.py egg_info --egg-base ../../build/py_pkg build --build-base /home/leyla/Desktop/kinect_ws/build/py_pkg/build install --record /home/leyla/Desktop/kinect_ws/build/py_pkg/install.log --single-version-externally-managed install_data
[3.727s] Level 1:colcon.colcon_core.environment:checking '/home/leyla/Desktop/kinect_ws/install/py_pkg' for CMake module files
[3.729s] Level 1:colcon.colcon_core.environment:checking '/home/leyla/Desktop/kinect_ws/install/py_pkg' for CMake config files
[3.731s] Level 1:colcon.colcon_core.environment:checking '/home/leyla/Desktop/kinect_ws/install/py_pkg/lib'
[3.733s] Level 1:colcon.colcon_core.environment:checking '/home/leyla/Desktop/kinect_ws/install/py_pkg/bin'
[3.733s] Level 1:colcon.colcon_core.environment:checking '/home/leyla/Desktop/kinect_ws/install/py_pkg/lib/pkgconfig/py_pkg.pc'
[3.734s] Level 1:colcon.colcon_core.environment:checking '/home/leyla/Desktop/kinect_ws/install/py_pkg/lib/python3.12/site-packages'
[3.735s] Level 1:colcon.colcon_core.shell:create_environment_hook('py_pkg', 'pythonpath')
[3.736s] INFO:colcon.colcon_core.shell:Creating environment hook '/home/leyla/Desktop/kinect_ws/install/py_pkg/share/py_pkg/hook/pythonpath.ps1'
[3.737s] INFO:colcon.colcon_core.shell:Creating environment descriptor '/home/leyla/Desktop/kinect_ws/install/py_pkg/share/py_pkg/hook/pythonpath.dsv'
[3.738s] INFO:colcon.colcon_core.shell:Creating environment hook '/home/leyla/Desktop/kinect_ws/install/py_pkg/share/py_pkg/hook/pythonpath.sh'
[3.740s] Level 1:colcon.colcon_core.environment:checking '/home/leyla/Desktop/kinect_ws/install/py_pkg/bin'
[3.740s] Level 1:colcon.colcon_core.environment:create_environment_scripts_only(py_pkg)
[3.741s] INFO:colcon.colcon_core.shell:Creating package script '/home/leyla/Desktop/kinect_ws/install/py_pkg/share/py_pkg/package.ps1'
[3.743s] INFO:colcon.colcon_core.shell:Creating package descriptor '/home/leyla/Desktop/kinect_ws/install/py_pkg/share/py_pkg/package.dsv'
[3.744s] INFO:colcon.colcon_core.shell:Creating package script '/home/leyla/Desktop/kinect_ws/install/py_pkg/share/py_pkg/package.sh'
[3.746s] INFO:colcon.colcon_core.shell:Creating package script '/home/leyla/Desktop/kinect_ws/install/py_pkg/share/py_pkg/package.bash'
[3.748s] INFO:colcon.colcon_core.shell:Creating package script '/home/leyla/Desktop/kinect_ws/install/py_pkg/share/py_pkg/package.zsh'
[3.749s] Level 1:colcon.colcon_core.environment:create_file_with_runtime_dependencies(/home/leyla/Desktop/kinect_ws/install/py_pkg/share/colcon-core/packages/py_pkg)
[3.750s] DEBUG:colcon.colcon_parallel_executor.executor.parallel:closing loop
[3.750s] DEBUG:colcon.colcon_parallel_executor.executor.parallel:loop closed
[3.751s] DEBUG:colcon.colcon_parallel_executor.executor.parallel:run_until_complete finished with '0'
[3.751s] DEBUG:colcon.colcon_core.event_reactor:joining thread
[3.773s] INFO:colcon.colcon_core.plugin_system:Skipping extension 'colcon_notification.desktop_notification.terminal_notifier': Not used on non-Darwin systems
[3.773s] INFO:colcon.colcon_core.plugin_system:Skipping extension 'colcon_notification.desktop_notification.win32': Not used on non-Windows systems
[3.774s] INFO:colcon.colcon_notification.desktop_notification:Sending desktop notification using 'notify2'
[3.810s] DEBUG:colcon.colcon_core.event_reactor:joined thread
[3.811s] INFO:colcon.colcon_core.shell:Creating prefix script '/home/leyla/Desktop/kinect_ws/install/local_setup.ps1'
[3.814s] INFO:colcon.colcon_core.shell:Creating prefix util module '/home/leyla/Desktop/kinect_ws/install/_local_setup_util_ps1.py'
[3.817s] INFO:colcon.colcon_core.shell:Creating prefix chain script '/home/leyla/Desktop/kinect_ws/install/setup.ps1'
[3.820s] INFO:colcon.colcon_core.shell:Creating prefix script '/home/leyla/Desktop/kinect_ws/install/local_setup.sh'
[3.822s] INFO:colcon.colcon_core.shell:Creating prefix util module '/home/leyla/Desktop/kinect_ws/install/_local_setup_util_sh.py'
[3.824s] INFO:colcon.colcon_core.shell:Creating prefix chain script '/home/leyla/Desktop/kinect_ws/install/setup.sh'
[3.826s] INFO:colcon.colcon_core.shell:Creating prefix script '/home/leyla/Desktop/kinect_ws/install/local_setup.bash'
[3.828s] INFO:colcon.colcon_core.shell:Creating prefix chain script '/home/leyla/Desktop/kinect_ws/install/setup.bash'
[3.833s] INFO:colcon.colcon_core.shell:Creating prefix script '/home/leyla/Desktop/kinect_ws/install/local_setup.zsh'
[3.835s] INFO:colcon.colcon_core.shell:Creating prefix chain script '/home/leyla/Desktop/kinect_ws/install/setup.zsh'
